CRITICAL - 2021-02-13 08:39:20 --> Argument 2 passed to App\Controllers\Auth::renderPage() must be of the type bool, array given, called in C:\xampp\htdocs\my-dream\app\Controllers\Auth.php on line 173
#0 C:\xampp\htdocs\my-dream\app\Controllers\Auth.php(173): App\Controllers\Auth->renderPage('App\\Views\\auth\\...', Array)
#1 C:\xampp\htdocs\my-dream\vendor\codeigniter4\framework\system\CodeIgniter.php(936): App\Controllers\Auth->login()
#2 C:\xampp\htdocs\my-dream\vendor\codeigniter4\framework\system\CodeIgniter.php(432): CodeIgniter\CodeIgniter->runController(Object(App\Controllers\Auth))
#3 C:\xampp\htdocs\my-dream\vendor\codeigniter4\framework\system\CodeIgniter.php(333): CodeIgniter\CodeIgniter->handleRequest(NULL, Object(Config\Cache), false)
#4 C:\xampp\htdocs\my-dream\public\index.php(44): CodeIgniter\CodeIgniter->run()
#5 C:\xampp\htdocs\my-dream\vendor\codeigniter4\framework\system\Commands\Server\rewrite.php(45): require_once('C:\\xampp\\htdocs...')
#6 {main}
CRITICAL - 2021-02-13 08:45:30 --> Call to undefined function form_error()
#0 C:\xampp\htdocs\my-dream\vendor\codeigniter4\framework\system\View\View.php(220): include()
#1 C:\xampp\htdocs\my-dream\vendor\codeigniter4\framework\system\View\View.php(222): CodeIgniter\View\View->CodeIgniter\View\{closure}()
#2 C:\xampp\htdocs\my-dream\vendor\codeigniter4\framework\system\Common.php(1217): CodeIgniter\View\View->render('App\\Views\\auth\\...', Array, true)
#3 C:\xampp\htdocs\my-dream\app\Controllers\Auth.php(927): view('App\\Views\\auth\\...', Array)
#4 C:\xampp\htdocs\my-dream\app\Controllers\Auth.php(173): App\Controllers\Auth->renderPage('App\\Views\\auth\\...', Array)
#5 C:\xampp\htdocs\my-dream\vendor\codeigniter4\framework\system\CodeIgniter.php(936): App\Controllers\Auth->login()
#6 C:\xampp\htdocs\my-dream\vendor\codeigniter4\framework\system\CodeIgniter.php(432): CodeIgniter\CodeIgniter->runController(Object(App\Controllers\Auth))
#7 C:\xampp\htdocs\my-dream\vendor\codeigniter4\framework\system\CodeIgniter.php(333): CodeIgniter\CodeIgniter->handleRequest(NULL, Object(Config\Cache), false)
#8 C:\xampp\htdocs\my-dream\public\index.php(44): CodeIgniter\CodeIgniter->run()
#9 C:\xampp\htdocs\my-dream\vendor\codeigniter4\framework\system\Commands\Server\rewrite.php(45): require_once('C:\\xampp\\htdocs...')
#10 {main}
CRITICAL - 2021-02-13 08:50:42 --> Call to undefined function form_error()
#0 C:\xampp\htdocs\my-dream\vendor\codeigniter4\framework\system\View\View.php(220): include()
#1 C:\xampp\htdocs\my-dream\vendor\codeigniter4\framework\system\View\View.php(222): CodeIgniter\View\View->CodeIgniter\View\{closure}()
#2 C:\xampp\htdocs\my-dream\vendor\codeigniter4\framework\system\Common.php(1217): CodeIgniter\View\View->render('App\\Views\\auth\\...', Array, true)
#3 C:\xampp\htdocs\my-dream\app\Controllers\Auth.php(927): view('App\\Views\\auth\\...', Array)
#4 C:\xampp\htdocs\my-dream\app\Controllers\Auth.php(173): App\Controllers\Auth->renderPage('App\\Views\\auth\\...', Array)
#5 C:\xampp\htdocs\my-dream\vendor\codeigniter4\framework\system\CodeIgniter.php(936): App\Controllers\Auth->login()
#6 C:\xampp\htdocs\my-dream\vendor\codeigniter4\framework\system\CodeIgniter.php(432): CodeIgniter\CodeIgniter->runController(Object(App\Controllers\Auth))
#7 C:\xampp\htdocs\my-dream\vendor\codeigniter4\framework\system\CodeIgniter.php(333): CodeIgniter\CodeIgniter->handleRequest(NULL, Object(Config\Cache), false)
#8 C:\xampp\htdocs\my-dream\public\index.php(44): CodeIgniter\CodeIgniter->run()
#9 C:\xampp\htdocs\my-dream\vendor\codeigniter4\framework\system\Commands\Server\rewrite.php(45): require_once('C:\\xampp\\htdocs...')
#10 {main}
CRITICAL - 2021-02-13 08:51:57 --> Call to undefined function form_error()
#0 C:\xampp\htdocs\my-dream\vendor\codeigniter4\framework\system\View\View.php(220): include()
#1 C:\xampp\htdocs\my-dream\vendor\codeigniter4\framework\system\View\View.php(222): CodeIgniter\View\View->CodeIgniter\View\{closure}()
#2 C:\xampp\htdocs\my-dream\vendor\codeigniter4\framework\system\Common.php(1217): CodeIgniter\View\View->render('App\\Views\\auth\\...', Array, true)
#3 C:\xampp\htdocs\my-dream\app\Controllers\Auth.php(927): view('App\\Views\\auth\\...', Array)
#4 C:\xampp\htdocs\my-dream\app\Controllers\Auth.php(173): App\Controllers\Auth->renderPage('App\\Views\\auth\\...', Array)
#5 C:\xampp\htdocs\my-dream\vendor\codeigniter4\framework\system\CodeIgniter.php(936): App\Controllers\Auth->login()
#6 C:\xampp\htdocs\my-dream\vendor\codeigniter4\framework\system\CodeIgniter.php(432): CodeIgniter\CodeIgniter->runController(Object(App\Controllers\Auth))
#7 C:\xampp\htdocs\my-dream\vendor\codeigniter4\framework\system\CodeIgniter.php(333): CodeIgniter\CodeIgniter->handleRequest(NULL, Object(Config\Cache), false)
#8 C:\xampp\htdocs\my-dream\public\index.php(44): CodeIgniter\CodeIgniter->run()
#9 C:\xampp\htdocs\my-dream\vendor\codeigniter4\framework\system\Commands\Server\rewrite.php(45): require_once('C:\\xampp\\htdocs...')
#10 {main}
