CRITICAL - 2021-02-10 09:45:33 --> Class 'IonAuth\Controllers\Auth' not found
#0 C:\xampp\htdocs\my-dream\vendor\codeigniter4\framework\system\Router\Router.php(562): include_once()
#1 C:\xampp\htdocs\my-dream\vendor\codeigniter4\framework\system\Router\Router.php(170): CodeIgniter\Router\Router->autoRoute('auth/index')
#2 C:\xampp\htdocs\my-dream\vendor\codeigniter4\framework\system\CodeIgniter.php(816): CodeIgniter\Router\Router->handle('auth/index')
#3 C:\xampp\htdocs\my-dream\vendor\codeigniter4\framework\system\CodeIgniter.php(385): CodeIgniter\CodeIgniter->tryToRouteIt(Object(CodeIgniter\Router\RouteCollection))
#4 C:\xampp\htdocs\my-dream\vendor\codeigniter4\framework\system\CodeIgniter.php(333): CodeIgniter\CodeIgniter->handleRequest(NULL, Object(Config\Cache), false)
#5 C:\xampp\htdocs\my-dream\public\index.php(44): CodeIgniter\CodeIgniter->run()
#6 C:\xampp\htdocs\my-dream\vendor\codeigniter4\framework\system\Commands\Server\rewrite.php(45): require_once('C:\\xampp\\htdocs...')
#7 {main}
CRITICAL - 2021-02-10 09:47:27 --> Class 'IonAuth\Controllers\Auth' not found
#0 C:\xampp\htdocs\my-dream\vendor\codeigniter4\framework\system\Router\Router.php(562): include_once()
#1 C:\xampp\htdocs\my-dream\vendor\codeigniter4\framework\system\Router\Router.php(170): CodeIgniter\Router\Router->autoRoute('auth/index')
#2 C:\xampp\htdocs\my-dream\vendor\codeigniter4\framework\system\CodeIgniter.php(816): CodeIgniter\Router\Router->handle('auth/index')
#3 C:\xampp\htdocs\my-dream\vendor\codeigniter4\framework\system\CodeIgniter.php(385): CodeIgniter\CodeIgniter->tryToRouteIt(Object(CodeIgniter\Router\RouteCollection))
#4 C:\xampp\htdocs\my-dream\vendor\codeigniter4\framework\system\CodeIgniter.php(333): CodeIgniter\CodeIgniter->handleRequest(NULL, Object(Config\Cache), false)
#5 C:\xampp\htdocs\my-dream\public\index.php(44): CodeIgniter\CodeIgniter->run()
#6 C:\xampp\htdocs\my-dream\vendor\codeigniter4\framework\system\Commands\Server\rewrite.php(45): require_once('C:\\xampp\\htdocs...')
#7 {main}
CRITICAL - 2021-02-10 09:57:58 --> Cannot declare class IonAuth\Libraries\IonAuth, because the name is already in use
#0 [internal function]: CodeIgniter\Debug\Exceptions->shutdownHandler()
#1 {main}
CRITICAL - 2021-02-10 09:59:00 --> Cannot declare class App\Config\IonAuth, because the name is already in use
#0 [internal function]: CodeIgniter\Debug\Exceptions->shutdownHandler()
#1 {main}
CRITICAL - 2021-02-10 10:01:20 --> Invalid file: IonAuth\Views\auth\login.php
#0 C:\xampp\htdocs\my-dream\vendor\codeigniter4\framework\system\View\View.php(203): CodeIgniter\Exceptions\FrameworkException::forInvalidFile('IonAuth\\Views\\a...')
#1 C:\xampp\htdocs\my-dream\vendor\codeigniter4\framework\system\Common.php(1217): CodeIgniter\View\View->render('IonAuth\\Views\\a...', Array, true)
#2 C:\xampp\htdocs\my-dream\app\Controllers\Auth.php(923): view('IonAuth\\Views\\a...', Array)
#3 C:\xampp\htdocs\my-dream\app\Controllers\Auth.php(173): App\Controllers\Auth->renderPage('IonAuth\\Views\\a...', Array)
#4 C:\xampp\htdocs\my-dream\vendor\codeigniter4\framework\system\CodeIgniter.php(936): App\Controllers\Auth->login()
#5 C:\xampp\htdocs\my-dream\vendor\codeigniter4\framework\system\CodeIgniter.php(432): CodeIgniter\CodeIgniter->runController(Object(App\Controllers\Auth))
#6 C:\xampp\htdocs\my-dream\vendor\codeigniter4\framework\system\CodeIgniter.php(333): CodeIgniter\CodeIgniter->handleRequest(NULL, Object(Config\Cache), false)
#7 C:\xampp\htdocs\my-dream\public\index.php(44): CodeIgniter\CodeIgniter->run()
#8 C:\xampp\htdocs\my-dream\vendor\codeigniter4\framework\system\Commands\Server\rewrite.php(45): require_once('C:\\xampp\\htdocs...')
#9 {main}
CRITICAL - 2021-02-10 10:02:13 --> Invalid file: IonAuth\Views\auth\login.php
#0 C:\xampp\htdocs\my-dream\vendor\codeigniter4\framework\system\View\View.php(203): CodeIgniter\Exceptions\FrameworkException::forInvalidFile('IonAuth\\Views\\a...')
#1 C:\xampp\htdocs\my-dream\vendor\codeigniter4\framework\system\Common.php(1217): CodeIgniter\View\View->render('IonAuth\\Views\\a...', Array, true)
#2 C:\xampp\htdocs\my-dream\app\Controllers\Auth.php(923): view('IonAuth\\Views\\a...', Array)
#3 C:\xampp\htdocs\my-dream\app\Controllers\Auth.php(173): App\Controllers\Auth->renderPage('IonAuth\\Views\\a...', Array)
#4 C:\xampp\htdocs\my-dream\vendor\codeigniter4\framework\system\CodeIgniter.php(936): App\Controllers\Auth->login()
#5 C:\xampp\htdocs\my-dream\vendor\codeigniter4\framework\system\CodeIgniter.php(432): CodeIgniter\CodeIgniter->runController(Object(App\Controllers\Auth))
#6 C:\xampp\htdocs\my-dream\vendor\codeigniter4\framework\system\CodeIgniter.php(333): CodeIgniter\CodeIgniter->handleRequest(NULL, Object(Config\Cache), false)
#7 C:\xampp\htdocs\my-dream\public\index.php(44): CodeIgniter\CodeIgniter->run()
#8 C:\xampp\htdocs\my-dream\vendor\codeigniter4\framework\system\Commands\Server\rewrite.php(45): require_once('C:\\xampp\\htdocs...')
#9 {main}
CRITICAL - 2021-02-10 10:02:21 --> Invalid file: IonAuth\Views\auth\login.php
#0 C:\xampp\htdocs\my-dream\vendor\codeigniter4\framework\system\View\View.php(203): CodeIgniter\Exceptions\FrameworkException::forInvalidFile('IonAuth\\Views\\a...')
#1 C:\xampp\htdocs\my-dream\vendor\codeigniter4\framework\system\Common.php(1217): CodeIgniter\View\View->render('IonAuth\\Views\\a...', Array, true)
#2 C:\xampp\htdocs\my-dream\app\Controllers\Auth.php(923): view('IonAuth\\Views\\a...', Array)
#3 C:\xampp\htdocs\my-dream\app\Controllers\Auth.php(173): App\Controllers\Auth->renderPage('IonAuth\\Views\\a...', Array)
#4 C:\xampp\htdocs\my-dream\vendor\codeigniter4\framework\system\CodeIgniter.php(936): App\Controllers\Auth->login()
#5 C:\xampp\htdocs\my-dream\vendor\codeigniter4\framework\system\CodeIgniter.php(432): CodeIgniter\CodeIgniter->runController(Object(App\Controllers\Auth))
#6 C:\xampp\htdocs\my-dream\vendor\codeigniter4\framework\system\CodeIgniter.php(333): CodeIgniter\CodeIgniter->handleRequest(NULL, Object(Config\Cache), false)
#7 C:\xampp\htdocs\my-dream\public\index.php(44): CodeIgniter\CodeIgniter->run()
#8 C:\xampp\htdocs\my-dream\vendor\codeigniter4\framework\system\Commands\Server\rewrite.php(45): require_once('C:\\xampp\\htdocs...')
#9 {main}
CRITICAL - 2021-02-10 10:15:22 --> Cannot declare class IonAuth\Database\Seeds\IonAuthSeeder, because the name is already in use
#0 [internal function]: CodeIgniter\Debug\Exceptions->shutdownHandler()
#1 {main}
CRITICAL - 2021-02-10 10:21:18 --> Invalid file: IonAuth\Views\Messages\list.php
#0 C:\xampp\htdocs\my-dream\vendor\codeigniter4\framework\system\View\View.php(203): CodeIgniter\Exceptions\FrameworkException::forInvalidFile('IonAuth\\Views\\M...')
#1 C:\xampp\htdocs\my-dream\vendor\codeigniter4\framework\system\Common.php(1217): CodeIgniter\View\View->render('IonAuth\\Views\\M...', Array, true)
#2 C:\xampp\htdocs\my-dream\app\Models\IonAuthModel.php(2400): view('IonAuth\\Views\\M...', Array)
#3 [internal function]: App\Models\IonAuthModel->messages()
#4 C:\xampp\htdocs\my-dream\app\Libraries\IonAuth.php(104): call_user_func_array(Array, Array)
#5 C:\xampp\htdocs\my-dream\app\Controllers\Auth.php(142): App\Libraries\IonAuth->__call('messages', Array)
#6 C:\xampp\htdocs\my-dream\vendor\codeigniter4\framework\system\CodeIgniter.php(936): App\Controllers\Auth->login()
#7 C:\xampp\htdocs\my-dream\vendor\codeigniter4\framework\system\CodeIgniter.php(432): CodeIgniter\CodeIgniter->runController(Object(App\Controllers\Auth))
#8 C:\xampp\htdocs\my-dream\vendor\codeigniter4\framework\system\CodeIgniter.php(333): CodeIgniter\CodeIgniter->handleRequest(NULL, Object(Config\Cache), false)
#9 C:\xampp\htdocs\my-dream\public\index.php(44): CodeIgniter\CodeIgniter->run()
#10 C:\xampp\htdocs\my-dream\vendor\codeigniter4\framework\system\Commands\Server\rewrite.php(45): require_once('C:\\xampp\\htdocs...')
#11 {main}
