CRITICAL - 2021-02-12 10:25:04 --> Array to string conversion
#0 C:\xampp\htdocs\my-dream\app\Views\index.php(534): CodeIgniter\Debug\Exceptions->errorHandler(8, 'Array to string...', 'C:\\xampp\\htdocs...', 534, Array)
#1 C:\xampp\htdocs\my-dream\vendor\codeigniter4\framework\system\View\View.php(220): include('C:\\xampp\\htdocs...')
#2 C:\xampp\htdocs\my-dream\vendor\codeigniter4\framework\system\View\View.php(222): CodeIgniter\View\View->CodeIgniter\View\{closure}()
#3 C:\xampp\htdocs\my-dream\vendor\codeigniter4\framework\system\Common.php(1217): CodeIgniter\View\View->render('index', Array, true)
#4 C:\xampp\htdocs\my-dream\app\Controllers\Auth.php(928): view('index', Array)
#5 C:\xampp\htdocs\my-dream\app\Controllers\Auth.php(173): App\Controllers\Auth->renderPage('App\\Views\\auth\\...', Array)
#6 C:\xampp\htdocs\my-dream\vendor\codeigniter4\framework\system\CodeIgniter.php(936): App\Controllers\Auth->login()
#7 C:\xampp\htdocs\my-dream\vendor\codeigniter4\framework\system\CodeIgniter.php(432): CodeIgniter\CodeIgniter->runController(Object(App\Controllers\Auth))
#8 C:\xampp\htdocs\my-dream\vendor\codeigniter4\framework\system\CodeIgniter.php(333): CodeIgniter\CodeIgniter->handleRequest(NULL, Object(Config\Cache), false)
#9 C:\xampp\htdocs\my-dream\public\index.php(44): CodeIgniter\CodeIgniter->run()
#10 C:\xampp\htdocs\my-dream\vendor\codeigniter4\framework\system\Commands\Server\rewrite.php(45): require_once('C:\\xampp\\htdocs...')
#11 {main}
CRITICAL - 2021-02-12 10:25:35 --> Array to string conversion
#0 C:\xampp\htdocs\my-dream\app\Views\index.php(534): CodeIgniter\Debug\Exceptions->errorHandler(8, 'Array to string...', 'C:\\xampp\\htdocs...', 534, Array)
#1 C:\xampp\htdocs\my-dream\vendor\codeigniter4\framework\system\View\View.php(220): include('C:\\xampp\\htdocs...')
#2 C:\xampp\htdocs\my-dream\vendor\codeigniter4\framework\system\View\View.php(222): CodeIgniter\View\View->CodeIgniter\View\{closure}()
#3 C:\xampp\htdocs\my-dream\vendor\codeigniter4\framework\system\Common.php(1217): CodeIgniter\View\View->render('index', Array, true)
#4 C:\xampp\htdocs\my-dream\app\Controllers\Auth.php(928): view('index', Array)
#5 C:\xampp\htdocs\my-dream\app\Controllers\Auth.php(173): App\Controllers\Auth->renderPage('App\\Views\\auth\\...', Array)
#6 C:\xampp\htdocs\my-dream\vendor\codeigniter4\framework\system\CodeIgniter.php(936): App\Controllers\Auth->login()
#7 C:\xampp\htdocs\my-dream\vendor\codeigniter4\framework\system\CodeIgniter.php(432): CodeIgniter\CodeIgniter->runController(Object(App\Controllers\Auth))
#8 C:\xampp\htdocs\my-dream\vendor\codeigniter4\framework\system\CodeIgniter.php(333): CodeIgniter\CodeIgniter->handleRequest(NULL, Object(Config\Cache), false)
#9 C:\xampp\htdocs\my-dream\public\index.php(44): CodeIgniter\CodeIgniter->run()
#10 C:\xampp\htdocs\my-dream\vendor\codeigniter4\framework\system\Commands\Server\rewrite.php(45): require_once('C:\\xampp\\htdocs...')
#11 {main}
CRITICAL - 2021-02-12 10:26:50 --> Undefined property: CodeIgniter\View\View::$show_notify
#0 C:\xampp\htdocs\my-dream\app\Views\index.php(597): CodeIgniter\Debug\Exceptions->errorHandler(8, 'Undefined prope...', 'C:\\xampp\\htdocs...', 597, Array)
#1 C:\xampp\htdocs\my-dream\vendor\codeigniter4\framework\system\View\View.php(220): include('C:\\xampp\\htdocs...')
#2 C:\xampp\htdocs\my-dream\vendor\codeigniter4\framework\system\View\View.php(222): CodeIgniter\View\View->CodeIgniter\View\{closure}()
#3 C:\xampp\htdocs\my-dream\vendor\codeigniter4\framework\system\Common.php(1217): CodeIgniter\View\View->render('index', Array, true)
#4 C:\xampp\htdocs\my-dream\app\Controllers\Auth.php(928): view('index', Array)
#5 C:\xampp\htdocs\my-dream\app\Controllers\Auth.php(173): App\Controllers\Auth->renderPage('App\\Views\\auth\\...', Array)
#6 C:\xampp\htdocs\my-dream\vendor\codeigniter4\framework\system\CodeIgniter.php(936): App\Controllers\Auth->login()
#7 C:\xampp\htdocs\my-dream\vendor\codeigniter4\framework\system\CodeIgniter.php(432): CodeIgniter\CodeIgniter->runController(Object(App\Controllers\Auth))
#8 C:\xampp\htdocs\my-dream\vendor\codeigniter4\framework\system\CodeIgniter.php(333): CodeIgniter\CodeIgniter->handleRequest(NULL, Object(Config\Cache), false)
#9 C:\xampp\htdocs\my-dream\public\index.php(44): CodeIgniter\CodeIgniter->run()
#10 C:\xampp\htdocs\my-dream\vendor\codeigniter4\framework\system\Commands\Server\rewrite.php(45): require_once('C:\\xampp\\htdocs...')
#11 {main}
CRITICAL - 2021-02-12 10:28:07 --> Undefined property: CodeIgniter\View\View::$show_notify
#0 C:\xampp\htdocs\my-dream\app\Views\index.php(597): CodeIgniter\Debug\Exceptions->errorHandler(8, 'Undefined prope...', 'C:\\xampp\\htdocs...', 597, Array)
#1 C:\xampp\htdocs\my-dream\vendor\codeigniter4\framework\system\View\View.php(220): include('C:\\xampp\\htdocs...')
#2 C:\xampp\htdocs\my-dream\vendor\codeigniter4\framework\system\View\View.php(222): CodeIgniter\View\View->CodeIgniter\View\{closure}()
#3 C:\xampp\htdocs\my-dream\vendor\codeigniter4\framework\system\Common.php(1217): CodeIgniter\View\View->render('index', Array, true)
#4 C:\xampp\htdocs\my-dream\app\Controllers\Auth.php(928): view('index', Array)
#5 C:\xampp\htdocs\my-dream\app\Controllers\Auth.php(173): App\Controllers\Auth->renderPage('App\\Views\\auth\\...', Array)
#6 C:\xampp\htdocs\my-dream\vendor\codeigniter4\framework\system\CodeIgniter.php(936): App\Controllers\Auth->login()
#7 C:\xampp\htdocs\my-dream\vendor\codeigniter4\framework\system\CodeIgniter.php(432): CodeIgniter\CodeIgniter->runController(Object(App\Controllers\Auth))
#8 C:\xampp\htdocs\my-dream\vendor\codeigniter4\framework\system\CodeIgniter.php(333): CodeIgniter\CodeIgniter->handleRequest(NULL, Object(Config\Cache), false)
#9 C:\xampp\htdocs\my-dream\public\index.php(44): CodeIgniter\CodeIgniter->run()
#10 C:\xampp\htdocs\my-dream\vendor\codeigniter4\framework\system\Commands\Server\rewrite.php(45): require_once('C:\\xampp\\htdocs...')
#11 {main}
CRITICAL - 2021-02-12 10:28:26 --> Return value of App\Controllers\Auth::renderPage() must be of the type string, none returned
#0 C:\xampp\htdocs\my-dream\app\Controllers\Auth.php(173): App\Controllers\Auth->renderPage('App\\Views\\auth\\...', Array)
#1 C:\xampp\htdocs\my-dream\vendor\codeigniter4\framework\system\CodeIgniter.php(936): App\Controllers\Auth->login()
#2 C:\xampp\htdocs\my-dream\vendor\codeigniter4\framework\system\CodeIgniter.php(432): CodeIgniter\CodeIgniter->runController(Object(App\Controllers\Auth))
#3 C:\xampp\htdocs\my-dream\vendor\codeigniter4\framework\system\CodeIgniter.php(333): CodeIgniter\CodeIgniter->handleRequest(NULL, Object(Config\Cache), false)
#4 C:\xampp\htdocs\my-dream\public\index.php(44): CodeIgniter\CodeIgniter->run()
#5 C:\xampp\htdocs\my-dream\vendor\codeigniter4\framework\system\Commands\Server\rewrite.php(45): require_once('C:\\xampp\\htdocs...')
#6 {main}
CRITICAL - 2021-02-12 10:47:07 --> Undefined variable: baseURL
#0 C:\xampp\htdocs\my-dream\app\Views\welcome_message.php(296): CodeIgniter\Debug\Exceptions->errorHandler(8, 'Undefined varia...', 'C:\\xampp\\htdocs...', 296, Array)
#1 C:\xampp\htdocs\my-dream\vendor\codeigniter4\framework\system\View\View.php(220): include('C:\\xampp\\htdocs...')
#2 C:\xampp\htdocs\my-dream\vendor\codeigniter4\framework\system\View\View.php(222): CodeIgniter\View\View->CodeIgniter\View\{closure}()
#3 C:\xampp\htdocs\my-dream\vendor\codeigniter4\framework\system\Common.php(1217): CodeIgniter\View\View->render('welcome_message', Array, true)
#4 C:\xampp\htdocs\my-dream\app\Controllers\Home.php(9): view('welcome_message')
#5 C:\xampp\htdocs\my-dream\vendor\codeigniter4\framework\system\CodeIgniter.php(936): App\Controllers\Home->index()
#6 C:\xampp\htdocs\my-dream\vendor\codeigniter4\framework\system\CodeIgniter.php(432): CodeIgniter\CodeIgniter->runController(Object(App\Controllers\Home))
#7 C:\xampp\htdocs\my-dream\vendor\codeigniter4\framework\system\CodeIgniter.php(333): CodeIgniter\CodeIgniter->handleRequest(NULL, Object(Config\Cache), false)
#8 C:\xampp\htdocs\my-dream\public\index.php(44): CodeIgniter\CodeIgniter->run()
#9 C:\xampp\htdocs\my-dream\vendor\codeigniter4\framework\system\Commands\Server\rewrite.php(45): require_once('C:\\xampp\\htdocs...')
#10 {main}
