CRITICAL - 2021-04-02 00:08:15 --> Undefined variable: category_details
#0 D:\My Dream\My-Dream Project\my-dream\app\Views\admin\category\category-html.php(21): CodeIgniter\Debug\Exceptions->errorHandler(8, 'Undefined varia...', 'D:\\My Dream\\My-...', 21, Array)
#1 D:\My Dream\My-Dream Project\my-dream\vendor\codeigniter4\framework\system\View\View.php(220): include('D:\\My Dream\\My-...')
#2 D:\My Dream\My-Dream Project\my-dream\vendor\codeigniter4\framework\system\View\View.php(222): CodeIgniter\View\View->CodeIgniter\View\{closure}()
#3 D:\My Dream\My-Dream Project\my-dream\vendor\codeigniter4\framework\system\Common.php(1217): CodeIgniter\View\View->render('admin/category/...', Array, true)
#4 D:\My Dream\My-Dream Project\my-dream\app\Controllers\Categories.php(9): view('admin/category/...')
#5 D:\My Dream\My-Dream Project\my-dream\vendor\codeigniter4\framework\system\CodeIgniter.php(936): App\Controllers\Categories->index()
#6 D:\My Dream\My-Dream Project\my-dream\vendor\codeigniter4\framework\system\CodeIgniter.php(432): CodeIgniter\CodeIgniter->runController(Object(App\Controllers\Categories))
#7 D:\My Dream\My-Dream Project\my-dream\vendor\codeigniter4\framework\system\CodeIgniter.php(333): CodeIgniter\CodeIgniter->handleRequest(NULL, Object(Config\Cache), false)
#8 D:\My Dream\My-Dream Project\my-dream\public\index.php(44): CodeIgniter\CodeIgniter->run()
#9 D:\My Dream\My-Dream Project\my-dream\vendor\codeigniter4\framework\system\Commands\Server\rewrite.php(45): require_once('D:\\My Dream\\My-...')
#10 {main}
CRITICAL - 2021-04-02 00:17:31 --> Undefined property: App\Controllers\Categories::$productsModel
#0 D:\My Dream\My-Dream Project\my-dream\app\Controllers\Categories.php(18): CodeIgniter\Debug\Exceptions->errorHandler(8, 'Undefined prope...', 'D:\\My Dream\\My-...', 18, Array)
#1 D:\My Dream\My-Dream Project\my-dream\vendor\codeigniter4\framework\system\CodeIgniter.php(936): App\Controllers\Categories->index()
#2 D:\My Dream\My-Dream Project\my-dream\vendor\codeigniter4\framework\system\CodeIgniter.php(432): CodeIgniter\CodeIgniter->runController(Object(App\Controllers\Categories))
#3 D:\My Dream\My-Dream Project\my-dream\vendor\codeigniter4\framework\system\CodeIgniter.php(333): CodeIgniter\CodeIgniter->handleRequest(NULL, Object(Config\Cache), false)
#4 D:\My Dream\My-Dream Project\my-dream\public\index.php(44): CodeIgniter\CodeIgniter->run()
#5 D:\My Dream\My-Dream Project\my-dream\vendor\codeigniter4\framework\system\Commands\Server\rewrite.php(45): require_once('D:\\My Dream\\My-...')
#6 {main}
CRITICAL - 2021-04-02 01:03:39 --> Undefined variable: errors
#0 D:\My Dream\My-Dream Project\my-dream\app\Views\admin\category\category-form-html.php(19): CodeIgniter\Debug\Exceptions->errorHandler(8, 'Undefined varia...', 'D:\\My Dream\\My-...', 19, Array)
#1 D:\My Dream\My-Dream Project\my-dream\vendor\codeigniter4\framework\system\View\View.php(220): include('D:\\My Dream\\My-...')
#2 D:\My Dream\My-Dream Project\my-dream\vendor\codeigniter4\framework\system\View\View.php(222): CodeIgniter\View\View->CodeIgniter\View\{closure}()
#3 D:\My Dream\My-Dream Project\my-dream\vendor\codeigniter4\framework\system\Common.php(1217): CodeIgniter\View\View->render('admin/category/...', Array, true)
#4 D:\My Dream\My-Dream Project\my-dream\app\Controllers\Categories.php(63): view('admin/category/...', Array)
#5 D:\My Dream\My-Dream Project\my-dream\vendor\codeigniter4\framework\system\CodeIgniter.php(936): App\Controllers\Categories->addCategoriesModal('2')
#6 D:\My Dream\My-Dream Project\my-dream\vendor\codeigniter4\framework\system\CodeIgniter.php(432): CodeIgniter\CodeIgniter->runController(Object(App\Controllers\Categories))
#7 D:\My Dream\My-Dream Project\my-dream\vendor\codeigniter4\framework\system\CodeIgniter.php(333): CodeIgniter\CodeIgniter->handleRequest(NULL, Object(Config\Cache), false)
#8 D:\My Dream\My-Dream Project\my-dream\public\index.php(44): CodeIgniter\CodeIgniter->run()
#9 D:\My Dream\My-Dream Project\my-dream\vendor\codeigniter4\framework\system\Commands\Server\rewrite.php(45): require_once('D:\\My Dream\\My-...')
#10 {main}
CRITICAL - 2021-04-02 01:04:59 --> Trying to access array offset on value of type null
#0 D:\My Dream\My-Dream Project\my-dream\app\Views\admin\category\category-form-html.php(19): CodeIgniter\Debug\Exceptions->errorHandler(8, 'Trying to acces...', 'D:\\My Dream\\My-...', 19, Array)
#1 D:\My Dream\My-Dream Project\my-dream\vendor\codeigniter4\framework\system\View\View.php(220): include('D:\\My Dream\\My-...')
#2 D:\My Dream\My-Dream Project\my-dream\vendor\codeigniter4\framework\system\View\View.php(222): CodeIgniter\View\View->CodeIgniter\View\{closure}()
#3 D:\My Dream\My-Dream Project\my-dream\vendor\codeigniter4\framework\system\Common.php(1217): CodeIgniter\View\View->render('admin/category/...', Array, true)
#4 D:\My Dream\My-Dream Project\my-dream\app\Controllers\Categories.php(64): view('admin/category/...', Array)
#5 D:\My Dream\My-Dream Project\my-dream\vendor\codeigniter4\framework\system\CodeIgniter.php(936): App\Controllers\Categories->addCategoriesModal('2')
#6 D:\My Dream\My-Dream Project\my-dream\vendor\codeigniter4\framework\system\CodeIgniter.php(432): CodeIgniter\CodeIgniter->runController(Object(App\Controllers\Categories))
#7 D:\My Dream\My-Dream Project\my-dream\vendor\codeigniter4\framework\system\CodeIgniter.php(333): CodeIgniter\CodeIgniter->handleRequest(NULL, Object(Config\Cache), false)
#8 D:\My Dream\My-Dream Project\my-dream\public\index.php(44): CodeIgniter\CodeIgniter->run()
#9 D:\My Dream\My-Dream Project\my-dream\vendor\codeigniter4\framework\system\Commands\Server\rewrite.php(45): require_once('D:\\My Dream\\My-...')
#10 {main}
CRITICAL - 2021-04-02 01:37:31 --> Call to a member function getPost() on null
#0 D:\My Dream\My-Dream Project\my-dream\vendor\codeigniter4\framework\system\CodeIgniter.php(908): App\Controllers\Categories->__construct()
#1 D:\My Dream\My-Dream Project\my-dream\vendor\codeigniter4\framework\system\CodeIgniter.php(422): CodeIgniter\CodeIgniter->createController()
#2 D:\My Dream\My-Dream Project\my-dream\vendor\codeigniter4\framework\system\CodeIgniter.php(333): CodeIgniter\CodeIgniter->handleRequest(NULL, Object(Config\Cache), false)
#3 D:\My Dream\My-Dream Project\my-dream\public\index.php(44): CodeIgniter\CodeIgniter->run()
#4 D:\My Dream\My-Dream Project\my-dream\vendor\codeigniter4\framework\system\Commands\Server\rewrite.php(45): require_once('D:\\My Dream\\My-...')
#5 {main}
CRITICAL - 2021-04-02 01:44:42 --> Call to a member function getPost() on null
#0 D:\My Dream\My-Dream Project\my-dream\vendor\codeigniter4\framework\system\CodeIgniter.php(908): App\Controllers\Categories->__construct()
#1 D:\My Dream\My-Dream Project\my-dream\vendor\codeigniter4\framework\system\CodeIgniter.php(422): CodeIgniter\CodeIgniter->createController()
#2 D:\My Dream\My-Dream Project\my-dream\vendor\codeigniter4\framework\system\CodeIgniter.php(333): CodeIgniter\CodeIgniter->handleRequest(NULL, Object(Config\Cache), false)
#3 D:\My Dream\My-Dream Project\my-dream\public\index.php(44): CodeIgniter\CodeIgniter->run()
#4 D:\My Dream\My-Dream Project\my-dream\vendor\codeigniter4\framework\system\Commands\Server\rewrite.php(45): require_once('D:\\My Dream\\My-...')
#5 {main}
CRITICAL - 2021-04-02 21:45:35 --> Trying to get property 'id' of non-object
#0 D:\My Dream\My-Dream Project\my-dream\app\Views\admin\products\product-list.php(83): CodeIgniter\Debug\Exceptions->errorHandler(8, 'Trying to get p...', 'D:\\My Dream\\My-...', 83, Array)
#1 D:\My Dream\My-Dream Project\my-dream\vendor\codeigniter4\framework\system\View\View.php(220): include('D:\\My Dream\\My-...')
#2 D:\My Dream\My-Dream Project\my-dream\vendor\codeigniter4\framework\system\View\View.php(222): CodeIgniter\View\View->CodeIgniter\View\{closure}()
#3 D:\My Dream\My-Dream Project\my-dream\vendor\codeigniter4\framework\system\Common.php(1217): CodeIgniter\View\View->render('admin/products/...', Array, true)
#4 D:\My Dream\My-Dream Project\my-dream\app\Controllers\Products.php(22): view('admin/products/...', Array)
#5 D:\My Dream\My-Dream Project\my-dream\vendor\codeigniter4\framework\system\CodeIgniter.php(936): App\Controllers\Products->index()
#6 D:\My Dream\My-Dream Project\my-dream\vendor\codeigniter4\framework\system\CodeIgniter.php(432): CodeIgniter\CodeIgniter->runController(Object(App\Controllers\Products))
#7 D:\My Dream\My-Dream Project\my-dream\vendor\codeigniter4\framework\system\CodeIgniter.php(333): CodeIgniter\CodeIgniter->handleRequest(NULL, Object(Config\Cache), false)
#8 D:\My Dream\My-Dream Project\my-dream\public\index.php(44): CodeIgniter\CodeIgniter->run()
#9 D:\My Dream\My-Dream Project\my-dream\vendor\codeigniter4\framework\system\Commands\Server\rewrite.php(45): require_once('D:\\My Dream\\My-...')
#10 {main}
