CRITICAL - 2021-03-09 10:34:20 --> Undefined property: CodeIgniter\View\View::$user
#0 C:\xampp\htdocs\my-dream\app\Views\admin\category\category-form-html.php(4): CodeIgniter\Debug\Exceptions->errorHandler(8, 'Undefined prope...', 'C:\\xampp\\htdocs...', 4, Array)
#1 C:\xampp\htdocs\my-dream\vendor\codeigniter4\framework\system\View\View.php(220): include('C:\\xampp\\htdocs...')
#2 C:\xampp\htdocs\my-dream\vendor\codeigniter4\framework\system\View\View.php(222): CodeIgniter\View\View->CodeIgniter\View\{closure}()
#3 C:\xampp\htdocs\my-dream\vendor\codeigniter4\framework\system\Common.php(1217): CodeIgniter\View\View->render('admin/category/...', Array, true)
#4 C:\xampp\htdocs\my-dream\app\Controllers\Products.php(60): view('admin/category/...', Array)
#5 C:\xampp\htdocs\my-dream\vendor\codeigniter4\framework\system\CodeIgniter.php(936): App\Controllers\Products->addCategoriesModal()
#6 C:\xampp\htdocs\my-dream\vendor\codeigniter4\framework\system\CodeIgniter.php(432): CodeIgniter\CodeIgniter->runController(Object(App\Controllers\Products))
#7 C:\xampp\htdocs\my-dream\vendor\codeigniter4\framework\system\CodeIgniter.php(333): CodeIgniter\CodeIgniter->handleRequest(NULL, Object(Config\Cache), false)
#8 C:\xampp\htdocs\my-dream\public\index.php(44): CodeIgniter\CodeIgniter->run()
#9 C:\xampp\htdocs\my-dream\vendor\codeigniter4\framework\system\Commands\Server\rewrite.php(45): require_once('C:\\xampp\\htdocs...')
#10 {main}
CRITICAL - 2021-03-09 10:34:55 --> Undefined property: CodeIgniter\View\View::$user
#0 C:\xampp\htdocs\my-dream\app\Views\admin\category\category-form-html.php(4): CodeIgniter\Debug\Exceptions->errorHandler(8, 'Undefined prope...', 'C:\\xampp\\htdocs...', 4, Array)
#1 C:\xampp\htdocs\my-dream\vendor\codeigniter4\framework\system\View\View.php(220): include('C:\\xampp\\htdocs...')
#2 C:\xampp\htdocs\my-dream\vendor\codeigniter4\framework\system\View\View.php(222): CodeIgniter\View\View->CodeIgniter\View\{closure}()
#3 C:\xampp\htdocs\my-dream\vendor\codeigniter4\framework\system\Common.php(1217): CodeIgniter\View\View->render('admin/category/...', Array, true)
#4 C:\xampp\htdocs\my-dream\app\Controllers\Products.php(60): view('admin/category/...', Array)
#5 C:\xampp\htdocs\my-dream\vendor\codeigniter4\framework\system\CodeIgniter.php(936): App\Controllers\Products->addCategoriesModal()
#6 C:\xampp\htdocs\my-dream\vendor\codeigniter4\framework\system\CodeIgniter.php(432): CodeIgniter\CodeIgniter->runController(Object(App\Controllers\Products))
#7 C:\xampp\htdocs\my-dream\vendor\codeigniter4\framework\system\CodeIgniter.php(333): CodeIgniter\CodeIgniter->handleRequest(NULL, Object(Config\Cache), false)
#8 C:\xampp\htdocs\my-dream\public\index.php(44): CodeIgniter\CodeIgniter->run()
#9 C:\xampp\htdocs\my-dream\vendor\codeigniter4\framework\system\Commands\Server\rewrite.php(45): require_once('C:\\xampp\\htdocs...')
#10 {main}
CRITICAL - 2021-03-09 10:36:48 --> Undefined property: CodeIgniter\View\View::$user
#0 C:\xampp\htdocs\my-dream\app\Views\admin\category\category-form-html.php(4): CodeIgniter\Debug\Exceptions->errorHandler(8, 'Undefined prope...', 'C:\\xampp\\htdocs...', 4, Array)
#1 C:\xampp\htdocs\my-dream\vendor\codeigniter4\framework\system\View\View.php(220): include('C:\\xampp\\htdocs...')
#2 C:\xampp\htdocs\my-dream\vendor\codeigniter4\framework\system\View\View.php(222): CodeIgniter\View\View->CodeIgniter\View\{closure}()
#3 C:\xampp\htdocs\my-dream\vendor\codeigniter4\framework\system\Common.php(1217): CodeIgniter\View\View->render('admin/category/...', Array, true)
#4 C:\xampp\htdocs\my-dream\app\Controllers\Products.php(60): view('admin/category/...', Array)
#5 C:\xampp\htdocs\my-dream\vendor\codeigniter4\framework\system\CodeIgniter.php(936): App\Controllers\Products->addCategoriesModal()
#6 C:\xampp\htdocs\my-dream\vendor\codeigniter4\framework\system\CodeIgniter.php(432): CodeIgniter\CodeIgniter->runController(Object(App\Controllers\Products))
#7 C:\xampp\htdocs\my-dream\vendor\codeigniter4\framework\system\CodeIgniter.php(333): CodeIgniter\CodeIgniter->handleRequest(NULL, Object(Config\Cache), false)
#8 C:\xampp\htdocs\my-dream\public\index.php(44): CodeIgniter\CodeIgniter->run()
#9 C:\xampp\htdocs\my-dream\vendor\codeigniter4\framework\system\Commands\Server\rewrite.php(45): require_once('C:\\xampp\\htdocs...')
#10 {main}
