CRITICAL - 2021-02-28 03:41:11 --> Call to a member function dropTable() on null
#0 C:\xampp\htdocs\my-dream\vendor\codeigniter4\framework\system\Database\MigrationRunner.php(1057): App\Database\Migrations\Migration_Install_products->up()
#1 C:\xampp\htdocs\my-dream\vendor\codeigniter4\framework\system\Database\MigrationRunner.php(202): CodeIgniter\Database\MigrationRunner->migrate('up', Object(stdClass))
#2 C:\xampp\htdocs\my-dream\app\Controllers\Migrate.php(11): CodeIgniter\Database\MigrationRunner->latest()
#3 C:\xampp\htdocs\my-dream\vendor\codeigniter4\framework\system\CodeIgniter.php(936): App\Controllers\Migrate->index()
#4 C:\xampp\htdocs\my-dream\vendor\codeigniter4\framework\system\CodeIgniter.php(432): CodeIgniter\CodeIgniter->runController(Object(App\Controllers\Migrate))
#5 C:\xampp\htdocs\my-dream\vendor\codeigniter4\framework\system\CodeIgniter.php(333): CodeIgniter\CodeIgniter->handleRequest(NULL, Object(Config\Cache), false)
#6 C:\xampp\htdocs\my-dream\public\index.php(44): CodeIgniter\CodeIgniter->run()
#7 C:\xampp\htdocs\my-dream\vendor\codeigniter4\framework\system\Commands\Server\rewrite.php(45): require_once('C:\\xampp\\htdocs...')
#8 {main}
CRITICAL - 2021-02-28 03:44:23 --> Undefined index: users
#0 C:\xampp\htdocs\my-dream\app\Database\Migrations\20210227113020_install_products.php(72): CodeIgniter\Debug\Exceptions->errorHandler(8, 'Undefined index...', 'C:\\xampp\\htdocs...', 72, Array)
#1 C:\xampp\htdocs\my-dream\vendor\codeigniter4\framework\system\Database\MigrationRunner.php(1057): App\Database\Migrations\Migration_Install_products->up()
#2 C:\xampp\htdocs\my-dream\vendor\codeigniter4\framework\system\Database\MigrationRunner.php(202): CodeIgniter\Database\MigrationRunner->migrate('up', Object(stdClass))
#3 C:\xampp\htdocs\my-dream\app\Controllers\Migrate.php(11): CodeIgniter\Database\MigrationRunner->latest()
#4 C:\xampp\htdocs\my-dream\vendor\codeigniter4\framework\system\CodeIgniter.php(936): App\Controllers\Migrate->index()
#5 C:\xampp\htdocs\my-dream\vendor\codeigniter4\framework\system\CodeIgniter.php(432): CodeIgniter\CodeIgniter->runController(Object(App\Controllers\Migrate))
#6 C:\xampp\htdocs\my-dream\vendor\codeigniter4\framework\system\CodeIgniter.php(333): CodeIgniter\CodeIgniter->handleRequest(NULL, Object(Config\Cache), false)
#7 C:\xampp\htdocs\my-dream\public\index.php(44): CodeIgniter\CodeIgniter->run()
#8 C:\xampp\htdocs\my-dream\vendor\codeigniter4\framework\system\Commands\Server\rewrite.php(45): require_once('C:\\xampp\\htdocs...')
#9 {main}
CRITICAL - 2021-02-28 05:19:05 --> Undefined property: App\Controllers\Auth::$confing
#0 C:\xampp\htdocs\my-dream\app\Controllers\BaseController.php(51): CodeIgniter\Debug\Exceptions->errorHandler(8, 'Undefined prope...', 'C:\\xampp\\htdocs...', 51, Array)
#1 C:\xampp\htdocs\my-dream\vendor\codeigniter4\framework\system\CodeIgniter.php(909): App\Controllers\BaseController->initController(Object(CodeIgniter\HTTP\IncomingRequest), Object(CodeIgniter\HTTP\Response), Object(CodeIgniter\Log\Logger))
#2 C:\xampp\htdocs\my-dream\vendor\codeigniter4\framework\system\CodeIgniter.php(422): CodeIgniter\CodeIgniter->createController()
#3 C:\xampp\htdocs\my-dream\vendor\codeigniter4\framework\system\CodeIgniter.php(333): CodeIgniter\CodeIgniter->handleRequest(NULL, Object(Config\Cache), false)
#4 C:\xampp\htdocs\my-dream\public\index.php(44): CodeIgniter\CodeIgniter->run()
#5 C:\xampp\htdocs\my-dream\vendor\codeigniter4\framework\system\Commands\Server\rewrite.php(45): require_once('C:\\xampp\\htdocs...')
#6 {main}
CRITICAL - 2021-02-28 05:20:31 --> Undefined variable: assetsDirectory
#0 C:\xampp\htdocs\my-dream\app\Views\index.php(15): CodeIgniter\Debug\Exceptions->errorHandler(8, 'Undefined varia...', 'C:\\xampp\\htdocs...', 15, Array)
#1 C:\xampp\htdocs\my-dream\vendor\codeigniter4\framework\system\View\View.php(220): include('C:\\xampp\\htdocs...')
#2 C:\xampp\htdocs\my-dream\vendor\codeigniter4\framework\system\View\View.php(222): CodeIgniter\View\View->CodeIgniter\View\{closure}()
#3 C:\xampp\htdocs\my-dream\vendor\codeigniter4\framework\system\Common.php(1217): CodeIgniter\View\View->render('index', Array, true)
#4 C:\xampp\htdocs\my-dream\app\Controllers\BaseController.php(77): view('index', Array)
#5 C:\xampp\htdocs\my-dream\app\Controllers\Auth.php(125): App\Controllers\BaseController->renderPage(Array)
#6 C:\xampp\htdocs\my-dream\vendor\codeigniter4\framework\system\CodeIgniter.php(936): App\Controllers\Auth->index()
#7 C:\xampp\htdocs\my-dream\vendor\codeigniter4\framework\system\CodeIgniter.php(432): CodeIgniter\CodeIgniter->runController(Object(App\Controllers\Auth))
#8 C:\xampp\htdocs\my-dream\vendor\codeigniter4\framework\system\CodeIgniter.php(333): CodeIgniter\CodeIgniter->handleRequest(NULL, Object(Config\Cache), false)
#9 C:\xampp\htdocs\my-dream\public\index.php(44): CodeIgniter\CodeIgniter->run()
#10 C:\xampp\htdocs\my-dream\vendor\codeigniter4\framework\system\Commands\Server\rewrite.php(45): require_once('C:\\xampp\\htdocs...')
#11 {main}
CRITICAL - 2021-02-28 05:22:57 --> Undefined property: App\Controllers\Auth::$confing
#0 C:\xampp\htdocs\my-dream\app\Controllers\BaseController.php(51): CodeIgniter\Debug\Exceptions->errorHandler(8, 'Undefined prope...', 'C:\\xampp\\htdocs...', 51, Array)
#1 C:\xampp\htdocs\my-dream\vendor\codeigniter4\framework\system\CodeIgniter.php(909): App\Controllers\BaseController->initController(Object(CodeIgniter\HTTP\IncomingRequest), Object(CodeIgniter\HTTP\Response), Object(CodeIgniter\Log\Logger))
#2 C:\xampp\htdocs\my-dream\vendor\codeigniter4\framework\system\CodeIgniter.php(422): CodeIgniter\CodeIgniter->createController()
#3 C:\xampp\htdocs\my-dream\vendor\codeigniter4\framework\system\CodeIgniter.php(333): CodeIgniter\CodeIgniter->handleRequest(NULL, Object(Config\Cache), false)
#4 C:\xampp\htdocs\my-dream\public\index.php(44): CodeIgniter\CodeIgniter->run()
#5 C:\xampp\htdocs\my-dream\vendor\codeigniter4\framework\system\Commands\Server\rewrite.php(45): require_once('C:\\xampp\\htdocs...')
#6 {main}
CRITICAL - 2021-02-28 05:23:28 --> Undefined property: App\Controllers\Auth::$config
#0 C:\xampp\htdocs\my-dream\app\Controllers\BaseController.php(51): CodeIgniter\Debug\Exceptions->errorHandler(8, 'Undefined prope...', 'C:\\xampp\\htdocs...', 51, Array)
#1 C:\xampp\htdocs\my-dream\vendor\codeigniter4\framework\system\CodeIgniter.php(909): App\Controllers\BaseController->initController(Object(CodeIgniter\HTTP\IncomingRequest), Object(CodeIgniter\HTTP\Response), Object(CodeIgniter\Log\Logger))
#2 C:\xampp\htdocs\my-dream\vendor\codeigniter4\framework\system\CodeIgniter.php(422): CodeIgniter\CodeIgniter->createController()
#3 C:\xampp\htdocs\my-dream\vendor\codeigniter4\framework\system\CodeIgniter.php(333): CodeIgniter\CodeIgniter->handleRequest(NULL, Object(Config\Cache), false)
#4 C:\xampp\htdocs\my-dream\public\index.php(44): CodeIgniter\CodeIgniter->run()
#5 C:\xampp\htdocs\my-dream\vendor\codeigniter4\framework\system\Commands\Server\rewrite.php(45): require_once('C:\\xampp\\htdocs...')
#6 {main}
CRITICAL - 2021-02-28 05:23:49 --> Undefined variable: assetsDirectory
#0 C:\xampp\htdocs\my-dream\app\Views\index.php(15): CodeIgniter\Debug\Exceptions->errorHandler(8, 'Undefined varia...', 'C:\\xampp\\htdocs...', 15, Array)
#1 C:\xampp\htdocs\my-dream\vendor\codeigniter4\framework\system\View\View.php(220): include('C:\\xampp\\htdocs...')
#2 C:\xampp\htdocs\my-dream\vendor\codeigniter4\framework\system\View\View.php(222): CodeIgniter\View\View->CodeIgniter\View\{closure}()
#3 C:\xampp\htdocs\my-dream\vendor\codeigniter4\framework\system\Common.php(1217): CodeIgniter\View\View->render('index', Array, true)
#4 C:\xampp\htdocs\my-dream\app\Controllers\BaseController.php(77): view('index', Array)
#5 C:\xampp\htdocs\my-dream\app\Controllers\Auth.php(125): App\Controllers\BaseController->renderPage(Array)
#6 C:\xampp\htdocs\my-dream\vendor\codeigniter4\framework\system\CodeIgniter.php(936): App\Controllers\Auth->index()
#7 C:\xampp\htdocs\my-dream\vendor\codeigniter4\framework\system\CodeIgniter.php(432): CodeIgniter\CodeIgniter->runController(Object(App\Controllers\Auth))
#8 C:\xampp\htdocs\my-dream\vendor\codeigniter4\framework\system\CodeIgniter.php(333): CodeIgniter\CodeIgniter->handleRequest(NULL, Object(Config\Cache), false)
#9 C:\xampp\htdocs\my-dream\public\index.php(44): CodeIgniter\CodeIgniter->run()
#10 C:\xampp\htdocs\my-dream\vendor\codeigniter4\framework\system\Commands\Server\rewrite.php(45): require_once('C:\\xampp\\htdocs...')
#11 {main}
CRITICAL - 2021-02-28 05:25:29 --> Undefined variable: config
#0 C:\xampp\htdocs\my-dream\app\Controllers\BaseController.php(51): CodeIgniter\Debug\Exceptions->errorHandler(8, 'Undefined varia...', 'C:\\xampp\\htdocs...', 51, Array)
#1 C:\xampp\htdocs\my-dream\vendor\codeigniter4\framework\system\CodeIgniter.php(909): App\Controllers\BaseController->initController(Object(CodeIgniter\HTTP\IncomingRequest), Object(CodeIgniter\HTTP\Response), Object(CodeIgniter\Log\Logger))
#2 C:\xampp\htdocs\my-dream\vendor\codeigniter4\framework\system\CodeIgniter.php(422): CodeIgniter\CodeIgniter->createController()
#3 C:\xampp\htdocs\my-dream\vendor\codeigniter4\framework\system\CodeIgniter.php(333): CodeIgniter\CodeIgniter->handleRequest(NULL, Object(Config\Cache), false)
#4 C:\xampp\htdocs\my-dream\public\index.php(44): CodeIgniter\CodeIgniter->run()
#5 C:\xampp\htdocs\my-dream\vendor\codeigniter4\framework\system\Commands\Server\rewrite.php(45): require_once('C:\\xampp\\htdocs...')
#6 {main}
CRITICAL - 2021-02-28 05:25:41 --> Undefined property: App\Controllers\Auth::$config
#0 C:\xampp\htdocs\my-dream\app\Controllers\BaseController.php(51): CodeIgniter\Debug\Exceptions->errorHandler(8, 'Undefined prope...', 'C:\\xampp\\htdocs...', 51, Array)
#1 C:\xampp\htdocs\my-dream\vendor\codeigniter4\framework\system\CodeIgniter.php(909): App\Controllers\BaseController->initController(Object(CodeIgniter\HTTP\IncomingRequest), Object(CodeIgniter\HTTP\Response), Object(CodeIgniter\Log\Logger))
#2 C:\xampp\htdocs\my-dream\vendor\codeigniter4\framework\system\CodeIgniter.php(422): CodeIgniter\CodeIgniter->createController()
#3 C:\xampp\htdocs\my-dream\vendor\codeigniter4\framework\system\CodeIgniter.php(333): CodeIgniter\CodeIgniter->handleRequest(NULL, Object(Config\Cache), false)
#4 C:\xampp\htdocs\my-dream\public\index.php(44): CodeIgniter\CodeIgniter->run()
#5 C:\xampp\htdocs\my-dream\vendor\codeigniter4\framework\system\Commands\Server\rewrite.php(45): require_once('C:\\xampp\\htdocs...')
#6 {main}
CRITICAL - 2021-02-28 06:20:10 --> Cannot access protected property App\Models\BaseModel::$table
#0 C:\xampp\htdocs\my-dream\vendor\codeigniter4\framework\system\CodeIgniter.php(936): App\Controllers\Products->addCategories()
#1 C:\xampp\htdocs\my-dream\vendor\codeigniter4\framework\system\CodeIgniter.php(432): CodeIgniter\CodeIgniter->runController(Object(App\Controllers\Products))
#2 C:\xampp\htdocs\my-dream\vendor\codeigniter4\framework\system\CodeIgniter.php(333): CodeIgniter\CodeIgniter->handleRequest(NULL, Object(Config\Cache), false)
#3 C:\xampp\htdocs\my-dream\public\index.php(44): CodeIgniter\CodeIgniter->run()
#4 C:\xampp\htdocs\my-dream\vendor\codeigniter4\framework\system\Commands\Server\rewrite.php(45): require_once('C:\\xampp\\htdocs...')
#5 {main}
ERROR - 2021-02-28 06:21:19 --> mysqli_sql_exception: Unknown column 'categories.deleted_at' in 'where clause' in C:\xampp\htdocs\my-dream\vendor\codeigniter4\framework\system\Database\MySQLi\Connection.php:314
Stack trace:
#0 C:\xampp\htdocs\my-dream\vendor\codeigniter4\framework\system\Database\MySQLi\Connection.php(314): mysqli->query('SELECT *\nFROM `...')
#1 C:\xampp\htdocs\my-dream\vendor\codeigniter4\framework\system\Database\BaseConnection.php(713): CodeIgniter\Database\MySQLi\Connection->execute('SELECT *\nFROM `...')
#2 C:\xampp\htdocs\my-dream\vendor\codeigniter4\framework\system\Database\BaseConnection.php(641): CodeIgniter\Database\BaseConnection->simpleQuery('SELECT *\nFROM `...')
#3 C:\xampp\htdocs\my-dream\vendor\codeigniter4\framework\system\Database\BaseBuilder.php(1866): CodeIgniter\Database\BaseConnection->query('SELECT *\nFROM `...', Array, false)
#4 C:\xampp\htdocs\my-dream\vendor\codeigniter4\framework\system\Model.php(169): CodeIgniter\Database\BaseBuilder->get()
#5 C:\xampp\htdocs\my-dream\vendor\codeigniter4\framework\system\BaseModel.php(518): CodeIgniter\Model->doFind(true, 1)
#6 C:\xampp\htdocs\my-dream\app\Controllers\Products.php(27): CodeIgniter\BaseModel->find(1)
#7 C:\xampp\htdocs\my-dream\vendor\codeigniter4\framework\system\CodeIgniter.php(936): App\Controllers\Products->addCategories()
#8 C:\xampp\htdocs\my-dream\vendor\codeigniter4\framework\system\CodeIgniter.php(432): CodeIgniter\CodeIgniter->runController(Object(App\Controllers\Products))
#9 C:\xampp\htdocs\my-dream\vendor\codeigniter4\framework\system\CodeIgniter.php(333): CodeIgniter\CodeIgniter->handleRequest(NULL, Object(Config\Cache), false)
#10 C:\xampp\htdocs\my-dream\public\index.php(44): CodeIgniter\CodeIgniter->run()
#11 C:\xampp\htdocs\my-dream\vendor\codeigniter4\framework\system\Commands\Server\rewrite.php(45): require_once('C:\\xampp\\htdocs...')
#12 {main}
CRITICAL - 2021-02-28 06:21:19 --> Unknown column 'categories.deleted_at' in 'where clause'
#0 C:\xampp\htdocs\my-dream\vendor\codeigniter4\framework\system\Database\MySQLi\Connection.php(314): mysqli->query('SELECT *\nFROM `...')
#1 C:\xampp\htdocs\my-dream\vendor\codeigniter4\framework\system\Database\BaseConnection.php(713): CodeIgniter\Database\MySQLi\Connection->execute('SELECT *\nFROM `...')
#2 C:\xampp\htdocs\my-dream\vendor\codeigniter4\framework\system\Database\BaseConnection.php(641): CodeIgniter\Database\BaseConnection->simpleQuery('SELECT *\nFROM `...')
#3 C:\xampp\htdocs\my-dream\vendor\codeigniter4\framework\system\Database\BaseBuilder.php(1866): CodeIgniter\Database\BaseConnection->query('SELECT *\nFROM `...', Array, false)
#4 C:\xampp\htdocs\my-dream\vendor\codeigniter4\framework\system\Model.php(169): CodeIgniter\Database\BaseBuilder->get()
#5 C:\xampp\htdocs\my-dream\vendor\codeigniter4\framework\system\BaseModel.php(518): CodeIgniter\Model->doFind(true, 1)
#6 C:\xampp\htdocs\my-dream\app\Controllers\Products.php(27): CodeIgniter\BaseModel->find(1)
#7 C:\xampp\htdocs\my-dream\vendor\codeigniter4\framework\system\CodeIgniter.php(936): App\Controllers\Products->addCategories()
#8 C:\xampp\htdocs\my-dream\vendor\codeigniter4\framework\system\CodeIgniter.php(432): CodeIgniter\CodeIgniter->runController(Object(App\Controllers\Products))
#9 C:\xampp\htdocs\my-dream\vendor\codeigniter4\framework\system\CodeIgniter.php(333): CodeIgniter\CodeIgniter->handleRequest(NULL, Object(Config\Cache), false)
#10 C:\xampp\htdocs\my-dream\public\index.php(44): CodeIgniter\CodeIgniter->run()
#11 C:\xampp\htdocs\my-dream\vendor\codeigniter4\framework\system\Commands\Server\rewrite.php(45): require_once('C:\\xampp\\htdocs...')
#12 {main}
ERROR - 2021-02-28 06:32:03 --> mysqli_sql_exception: Too big precision 20 specified for 'created_at'. Maximum is 6 in C:\xampp\htdocs\my-dream\vendor\codeigniter4\framework\system\Database\MySQLi\Connection.php:314
Stack trace:
#0 C:\xampp\htdocs\my-dream\vendor\codeigniter4\framework\system\Database\MySQLi\Connection.php(314): mysqli->query('CREATE TABLE `c...')
#1 C:\xampp\htdocs\my-dream\vendor\codeigniter4\framework\system\Database\BaseConnection.php(713): CodeIgniter\Database\MySQLi\Connection->execute('CREATE TABLE `c...')
#2 C:\xampp\htdocs\my-dream\vendor\codeigniter4\framework\system\Database\BaseConnection.php(641): CodeIgniter\Database\BaseConnection->simpleQuery('CREATE TABLE `c...')
#3 C:\xampp\htdocs\my-dream\vendor\codeigniter4\framework\system\Database\Forge.php(525): CodeIgniter\Database\BaseConnection->query('CREATE TABLE `c...')
#4 C:\xampp\htdocs\my-dream\app\Database\Migrations\20210227113020_install_products.php(91): CodeIgniter\Database\Forge->createTable('categories')
#5 C:\xampp\htdocs\my-dream\vendor\codeigniter4\framework\system\Database\MigrationRunner.php(1057): App\Database\Migrations\Migration_Install_products->up()
#6 C:\xampp\htdocs\my-dream\vendor\codeigniter4\framework\system\Database\MigrationRunner.php(202): CodeIgniter\Database\MigrationRunner->migrate('up', Object(stdClass))
#7 C:\xampp\htdocs\my-dream\app\Controllers\Migrate.php(11): CodeIgniter\Database\MigrationRunner->latest()
#8 C:\xampp\htdocs\my-dream\vendor\codeigniter4\framework\system\CodeIgniter.php(936): App\Controllers\Migrate->index()
#9 C:\xampp\htdocs\my-dream\vendor\codeigniter4\framework\system\CodeIgniter.php(432): CodeIgniter\CodeIgniter->runController(Object(App\Controllers\Migrate))
#10 C:\xampp\htdocs\my-dream\vendor\codeigniter4\framework\system\CodeIgniter.php(333): CodeIgniter\CodeIgniter->handleRequest(NULL, Object(Config\Cache), false)
#11 C:\xampp\htdocs\my-dream\public\index.php(44): CodeIgniter\CodeIgniter->run()
#12 C:\xampp\htdocs\my-dream\vendor\codeigniter4\framework\system\Commands\Server\rewrite.php(45): require_once('C:\\xampp\\htdocs...')
#13 {main}
CRITICAL - 2021-02-28 06:32:03 --> Too big precision 20 specified for 'created_at'. Maximum is 6
#0 C:\xampp\htdocs\my-dream\vendor\codeigniter4\framework\system\Database\MySQLi\Connection.php(314): mysqli->query('CREATE TABLE `c...')
#1 C:\xampp\htdocs\my-dream\vendor\codeigniter4\framework\system\Database\BaseConnection.php(713): CodeIgniter\Database\MySQLi\Connection->execute('CREATE TABLE `c...')
#2 C:\xampp\htdocs\my-dream\vendor\codeigniter4\framework\system\Database\BaseConnection.php(641): CodeIgniter\Database\BaseConnection->simpleQuery('CREATE TABLE `c...')
#3 C:\xampp\htdocs\my-dream\vendor\codeigniter4\framework\system\Database\Forge.php(525): CodeIgniter\Database\BaseConnection->query('CREATE TABLE `c...')
#4 C:\xampp\htdocs\my-dream\app\Database\Migrations\20210227113020_install_products.php(91): CodeIgniter\Database\Forge->createTable('categories')
#5 C:\xampp\htdocs\my-dream\vendor\codeigniter4\framework\system\Database\MigrationRunner.php(1057): App\Database\Migrations\Migration_Install_products->up()
#6 C:\xampp\htdocs\my-dream\vendor\codeigniter4\framework\system\Database\MigrationRunner.php(202): CodeIgniter\Database\MigrationRunner->migrate('up', Object(stdClass))
#7 C:\xampp\htdocs\my-dream\app\Controllers\Migrate.php(11): CodeIgniter\Database\MigrationRunner->latest()
#8 C:\xampp\htdocs\my-dream\vendor\codeigniter4\framework\system\CodeIgniter.php(936): App\Controllers\Migrate->index()
#9 C:\xampp\htdocs\my-dream\vendor\codeigniter4\framework\system\CodeIgniter.php(432): CodeIgniter\CodeIgniter->runController(Object(App\Controllers\Migrate))
#10 C:\xampp\htdocs\my-dream\vendor\codeigniter4\framework\system\CodeIgniter.php(333): CodeIgniter\CodeIgniter->handleRequest(NULL, Object(Config\Cache), false)
#11 C:\xampp\htdocs\my-dream\public\index.php(44): CodeIgniter\CodeIgniter->run()
#12 C:\xampp\htdocs\my-dream\vendor\codeigniter4\framework\system\Commands\Server\rewrite.php(45): require_once('C:\\xampp\\htdocs...')
#13 {main}
ERROR - 2021-02-28 06:32:23 --> mysqli_sql_exception: Invalid default value for 'created_at' in C:\xampp\htdocs\my-dream\vendor\codeigniter4\framework\system\Database\MySQLi\Connection.php:314
Stack trace:
#0 C:\xampp\htdocs\my-dream\vendor\codeigniter4\framework\system\Database\MySQLi\Connection.php(314): mysqli->query('CREATE TABLE `c...')
#1 C:\xampp\htdocs\my-dream\vendor\codeigniter4\framework\system\Database\BaseConnection.php(713): CodeIgniter\Database\MySQLi\Connection->execute('CREATE TABLE `c...')
#2 C:\xampp\htdocs\my-dream\vendor\codeigniter4\framework\system\Database\BaseConnection.php(641): CodeIgniter\Database\BaseConnection->simpleQuery('CREATE TABLE `c...')
#3 C:\xampp\htdocs\my-dream\vendor\codeigniter4\framework\system\Database\Forge.php(525): CodeIgniter\Database\BaseConnection->query('CREATE TABLE `c...')
#4 C:\xampp\htdocs\my-dream\app\Database\Migrations\20210227113020_install_products.php(91): CodeIgniter\Database\Forge->createTable('categories')
#5 C:\xampp\htdocs\my-dream\vendor\codeigniter4\framework\system\Database\MigrationRunner.php(1057): App\Database\Migrations\Migration_Install_products->up()
#6 C:\xampp\htdocs\my-dream\vendor\codeigniter4\framework\system\Database\MigrationRunner.php(202): CodeIgniter\Database\MigrationRunner->migrate('up', Object(stdClass))
#7 C:\xampp\htdocs\my-dream\app\Controllers\Migrate.php(11): CodeIgniter\Database\MigrationRunner->latest()
#8 C:\xampp\htdocs\my-dream\vendor\codeigniter4\framework\system\CodeIgniter.php(936): App\Controllers\Migrate->index()
#9 C:\xampp\htdocs\my-dream\vendor\codeigniter4\framework\system\CodeIgniter.php(432): CodeIgniter\CodeIgniter->runController(Object(App\Controllers\Migrate))
#10 C:\xampp\htdocs\my-dream\vendor\codeigniter4\framework\system\CodeIgniter.php(333): CodeIgniter\CodeIgniter->handleRequest(NULL, Object(Config\Cache), false)
#11 C:\xampp\htdocs\my-dream\public\index.php(44): CodeIgniter\CodeIgniter->run()
#12 C:\xampp\htdocs\my-dream\vendor\codeigniter4\framework\system\Commands\Server\rewrite.php(45): require_once('C:\\xampp\\htdocs...')
#13 {main}
CRITICAL - 2021-02-28 06:32:23 --> Invalid default value for 'created_at'
#0 C:\xampp\htdocs\my-dream\vendor\codeigniter4\framework\system\Database\MySQLi\Connection.php(314): mysqli->query('CREATE TABLE `c...')
#1 C:\xampp\htdocs\my-dream\vendor\codeigniter4\framework\system\Database\BaseConnection.php(713): CodeIgniter\Database\MySQLi\Connection->execute('CREATE TABLE `c...')
#2 C:\xampp\htdocs\my-dream\vendor\codeigniter4\framework\system\Database\BaseConnection.php(641): CodeIgniter\Database\BaseConnection->simpleQuery('CREATE TABLE `c...')
#3 C:\xampp\htdocs\my-dream\vendor\codeigniter4\framework\system\Database\Forge.php(525): CodeIgniter\Database\BaseConnection->query('CREATE TABLE `c...')
#4 C:\xampp\htdocs\my-dream\app\Database\Migrations\20210227113020_install_products.php(91): CodeIgniter\Database\Forge->createTable('categories')
#5 C:\xampp\htdocs\my-dream\vendor\codeigniter4\framework\system\Database\MigrationRunner.php(1057): App\Database\Migrations\Migration_Install_products->up()
#6 C:\xampp\htdocs\my-dream\vendor\codeigniter4\framework\system\Database\MigrationRunner.php(202): CodeIgniter\Database\MigrationRunner->migrate('up', Object(stdClass))
#7 C:\xampp\htdocs\my-dream\app\Controllers\Migrate.php(11): CodeIgniter\Database\MigrationRunner->latest()
#8 C:\xampp\htdocs\my-dream\vendor\codeigniter4\framework\system\CodeIgniter.php(936): App\Controllers\Migrate->index()
#9 C:\xampp\htdocs\my-dream\vendor\codeigniter4\framework\system\CodeIgniter.php(432): CodeIgniter\CodeIgniter->runController(Object(App\Controllers\Migrate))
#10 C:\xampp\htdocs\my-dream\vendor\codeigniter4\framework\system\CodeIgniter.php(333): CodeIgniter\CodeIgniter->handleRequest(NULL, Object(Config\Cache), false)
#11 C:\xampp\htdocs\my-dream\public\index.php(44): CodeIgniter\CodeIgniter->run()
#12 C:\xampp\htdocs\my-dream\vendor\codeigniter4\framework\system\Commands\Server\rewrite.php(45): require_once('C:\\xampp\\htdocs...')
#13 {main}
ERROR - 2021-02-28 06:35:02 --> mysqli_sql_exception: Invalid default value for 'updated_at' in C:\xampp\htdocs\my-dream\vendor\codeigniter4\framework\system\Database\MySQLi\Connection.php:314
Stack trace:
#0 C:\xampp\htdocs\my-dream\vendor\codeigniter4\framework\system\Database\MySQLi\Connection.php(314): mysqli->query('CREATE TABLE `c...')
#1 C:\xampp\htdocs\my-dream\vendor\codeigniter4\framework\system\Database\BaseConnection.php(713): CodeIgniter\Database\MySQLi\Connection->execute('CREATE TABLE `c...')
#2 C:\xampp\htdocs\my-dream\vendor\codeigniter4\framework\system\Database\BaseConnection.php(641): CodeIgniter\Database\BaseConnection->simpleQuery('CREATE TABLE `c...')
#3 C:\xampp\htdocs\my-dream\vendor\codeigniter4\framework\system\Database\Forge.php(525): CodeIgniter\Database\BaseConnection->query('CREATE TABLE `c...')
#4 C:\xampp\htdocs\my-dream\app\Database\Migrations\20210227113020_install_products.php(89): CodeIgniter\Database\Forge->createTable('categories')
#5 C:\xampp\htdocs\my-dream\vendor\codeigniter4\framework\system\Database\MigrationRunner.php(1057): App\Database\Migrations\Migration_Install_products->up()
#6 C:\xampp\htdocs\my-dream\vendor\codeigniter4\framework\system\Database\MigrationRunner.php(202): CodeIgniter\Database\MigrationRunner->migrate('up', Object(stdClass))
#7 C:\xampp\htdocs\my-dream\app\Controllers\Migrate.php(11): CodeIgniter\Database\MigrationRunner->latest()
#8 C:\xampp\htdocs\my-dream\vendor\codeigniter4\framework\system\CodeIgniter.php(936): App\Controllers\Migrate->index()
#9 C:\xampp\htdocs\my-dream\vendor\codeigniter4\framework\system\CodeIgniter.php(432): CodeIgniter\CodeIgniter->runController(Object(App\Controllers\Migrate))
#10 C:\xampp\htdocs\my-dream\vendor\codeigniter4\framework\system\CodeIgniter.php(333): CodeIgniter\CodeIgniter->handleRequest(NULL, Object(Config\Cache), false)
#11 C:\xampp\htdocs\my-dream\public\index.php(44): CodeIgniter\CodeIgniter->run()
#12 C:\xampp\htdocs\my-dream\vendor\codeigniter4\framework\system\Commands\Server\rewrite.php(45): require_once('C:\\xampp\\htdocs...')
#13 {main}
CRITICAL - 2021-02-28 06:35:02 --> Invalid default value for 'updated_at'
#0 C:\xampp\htdocs\my-dream\vendor\codeigniter4\framework\system\Database\MySQLi\Connection.php(314): mysqli->query('CREATE TABLE `c...')
#1 C:\xampp\htdocs\my-dream\vendor\codeigniter4\framework\system\Database\BaseConnection.php(713): CodeIgniter\Database\MySQLi\Connection->execute('CREATE TABLE `c...')
#2 C:\xampp\htdocs\my-dream\vendor\codeigniter4\framework\system\Database\BaseConnection.php(641): CodeIgniter\Database\BaseConnection->simpleQuery('CREATE TABLE `c...')
#3 C:\xampp\htdocs\my-dream\vendor\codeigniter4\framework\system\Database\Forge.php(525): CodeIgniter\Database\BaseConnection->query('CREATE TABLE `c...')
#4 C:\xampp\htdocs\my-dream\app\Database\Migrations\20210227113020_install_products.php(89): CodeIgniter\Database\Forge->createTable('categories')
#5 C:\xampp\htdocs\my-dream\vendor\codeigniter4\framework\system\Database\MigrationRunner.php(1057): App\Database\Migrations\Migration_Install_products->up()
#6 C:\xampp\htdocs\my-dream\vendor\codeigniter4\framework\system\Database\MigrationRunner.php(202): CodeIgniter\Database\MigrationRunner->migrate('up', Object(stdClass))
#7 C:\xampp\htdocs\my-dream\app\Controllers\Migrate.php(11): CodeIgniter\Database\MigrationRunner->latest()
#8 C:\xampp\htdocs\my-dream\vendor\codeigniter4\framework\system\CodeIgniter.php(936): App\Controllers\Migrate->index()
#9 C:\xampp\htdocs\my-dream\vendor\codeigniter4\framework\system\CodeIgniter.php(432): CodeIgniter\CodeIgniter->runController(Object(App\Controllers\Migrate))
#10 C:\xampp\htdocs\my-dream\vendor\codeigniter4\framework\system\CodeIgniter.php(333): CodeIgniter\CodeIgniter->handleRequest(NULL, Object(Config\Cache), false)
#11 C:\xampp\htdocs\my-dream\public\index.php(44): CodeIgniter\CodeIgniter->run()
#12 C:\xampp\htdocs\my-dream\vendor\codeigniter4\framework\system\Commands\Server\rewrite.php(45): require_once('C:\\xampp\\htdocs...')
#13 {main}
ERROR - 2021-02-28 06:35:17 --> mysqli_sql_exception: Invalid default value for 'updated_at' in C:\xampp\htdocs\my-dream\vendor\codeigniter4\framework\system\Database\MySQLi\Connection.php:314
Stack trace:
#0 C:\xampp\htdocs\my-dream\vendor\codeigniter4\framework\system\Database\MySQLi\Connection.php(314): mysqli->query('CREATE TABLE `c...')
#1 C:\xampp\htdocs\my-dream\vendor\codeigniter4\framework\system\Database\BaseConnection.php(713): CodeIgniter\Database\MySQLi\Connection->execute('CREATE TABLE `c...')
#2 C:\xampp\htdocs\my-dream\vendor\codeigniter4\framework\system\Database\BaseConnection.php(641): CodeIgniter\Database\BaseConnection->simpleQuery('CREATE TABLE `c...')
#3 C:\xampp\htdocs\my-dream\vendor\codeigniter4\framework\system\Database\Forge.php(525): CodeIgniter\Database\BaseConnection->query('CREATE TABLE `c...')
#4 C:\xampp\htdocs\my-dream\app\Database\Migrations\20210227113020_install_products.php(89): CodeIgniter\Database\Forge->createTable('categories')
#5 C:\xampp\htdocs\my-dream\vendor\codeigniter4\framework\system\Database\MigrationRunner.php(1057): App\Database\Migrations\Migration_Install_products->up()
#6 C:\xampp\htdocs\my-dream\vendor\codeigniter4\framework\system\Database\MigrationRunner.php(202): CodeIgniter\Database\MigrationRunner->migrate('up', Object(stdClass))
#7 C:\xampp\htdocs\my-dream\app\Controllers\Migrate.php(11): CodeIgniter\Database\MigrationRunner->latest()
#8 C:\xampp\htdocs\my-dream\vendor\codeigniter4\framework\system\CodeIgniter.php(936): App\Controllers\Migrate->index()
#9 C:\xampp\htdocs\my-dream\vendor\codeigniter4\framework\system\CodeIgniter.php(432): CodeIgniter\CodeIgniter->runController(Object(App\Controllers\Migrate))
#10 C:\xampp\htdocs\my-dream\vendor\codeigniter4\framework\system\CodeIgniter.php(333): CodeIgniter\CodeIgniter->handleRequest(NULL, Object(Config\Cache), false)
#11 C:\xampp\htdocs\my-dream\public\index.php(44): CodeIgniter\CodeIgniter->run()
#12 C:\xampp\htdocs\my-dream\vendor\codeigniter4\framework\system\Commands\Server\rewrite.php(45): require_once('C:\\xampp\\htdocs...')
#13 {main}
CRITICAL - 2021-02-28 06:35:17 --> Invalid default value for 'updated_at'
#0 C:\xampp\htdocs\my-dream\vendor\codeigniter4\framework\system\Database\MySQLi\Connection.php(314): mysqli->query('CREATE TABLE `c...')
#1 C:\xampp\htdocs\my-dream\vendor\codeigniter4\framework\system\Database\BaseConnection.php(713): CodeIgniter\Database\MySQLi\Connection->execute('CREATE TABLE `c...')
#2 C:\xampp\htdocs\my-dream\vendor\codeigniter4\framework\system\Database\BaseConnection.php(641): CodeIgniter\Database\BaseConnection->simpleQuery('CREATE TABLE `c...')
#3 C:\xampp\htdocs\my-dream\vendor\codeigniter4\framework\system\Database\Forge.php(525): CodeIgniter\Database\BaseConnection->query('CREATE TABLE `c...')
#4 C:\xampp\htdocs\my-dream\app\Database\Migrations\20210227113020_install_products.php(89): CodeIgniter\Database\Forge->createTable('categories')
#5 C:\xampp\htdocs\my-dream\vendor\codeigniter4\framework\system\Database\MigrationRunner.php(1057): App\Database\Migrations\Migration_Install_products->up()
#6 C:\xampp\htdocs\my-dream\vendor\codeigniter4\framework\system\Database\MigrationRunner.php(202): CodeIgniter\Database\MigrationRunner->migrate('up', Object(stdClass))
#7 C:\xampp\htdocs\my-dream\app\Controllers\Migrate.php(11): CodeIgniter\Database\MigrationRunner->latest()
#8 C:\xampp\htdocs\my-dream\vendor\codeigniter4\framework\system\CodeIgniter.php(936): App\Controllers\Migrate->index()
#9 C:\xampp\htdocs\my-dream\vendor\codeigniter4\framework\system\CodeIgniter.php(432): CodeIgniter\CodeIgniter->runController(Object(App\Controllers\Migrate))
#10 C:\xampp\htdocs\my-dream\vendor\codeigniter4\framework\system\CodeIgniter.php(333): CodeIgniter\CodeIgniter->handleRequest(NULL, Object(Config\Cache), false)
#11 C:\xampp\htdocs\my-dream\public\index.php(44): CodeIgniter\CodeIgniter->run()
#12 C:\xampp\htdocs\my-dream\vendor\codeigniter4\framework\system\Commands\Server\rewrite.php(45): require_once('C:\\xampp\\htdocs...')
#13 {main}
ERROR - 2021-02-28 06:35:19 --> mysqli_sql_exception: Invalid default value for 'updated_at' in C:\xampp\htdocs\my-dream\vendor\codeigniter4\framework\system\Database\MySQLi\Connection.php:314
Stack trace:
#0 C:\xampp\htdocs\my-dream\vendor\codeigniter4\framework\system\Database\MySQLi\Connection.php(314): mysqli->query('CREATE TABLE `c...')
#1 C:\xampp\htdocs\my-dream\vendor\codeigniter4\framework\system\Database\BaseConnection.php(713): CodeIgniter\Database\MySQLi\Connection->execute('CREATE TABLE `c...')
#2 C:\xampp\htdocs\my-dream\vendor\codeigniter4\framework\system\Database\BaseConnection.php(641): CodeIgniter\Database\BaseConnection->simpleQuery('CREATE TABLE `c...')
#3 C:\xampp\htdocs\my-dream\vendor\codeigniter4\framework\system\Database\Forge.php(525): CodeIgniter\Database\BaseConnection->query('CREATE TABLE `c...')
#4 C:\xampp\htdocs\my-dream\app\Database\Migrations\20210227113020_install_products.php(89): CodeIgniter\Database\Forge->createTable('categories')
#5 C:\xampp\htdocs\my-dream\vendor\codeigniter4\framework\system\Database\MigrationRunner.php(1057): App\Database\Migrations\Migration_Install_products->up()
#6 C:\xampp\htdocs\my-dream\vendor\codeigniter4\framework\system\Database\MigrationRunner.php(202): CodeIgniter\Database\MigrationRunner->migrate('up', Object(stdClass))
#7 C:\xampp\htdocs\my-dream\app\Controllers\Migrate.php(11): CodeIgniter\Database\MigrationRunner->latest()
#8 C:\xampp\htdocs\my-dream\vendor\codeigniter4\framework\system\CodeIgniter.php(936): App\Controllers\Migrate->index()
#9 C:\xampp\htdocs\my-dream\vendor\codeigniter4\framework\system\CodeIgniter.php(432): CodeIgniter\CodeIgniter->runController(Object(App\Controllers\Migrate))
#10 C:\xampp\htdocs\my-dream\vendor\codeigniter4\framework\system\CodeIgniter.php(333): CodeIgniter\CodeIgniter->handleRequest(NULL, Object(Config\Cache), false)
#11 C:\xampp\htdocs\my-dream\public\index.php(44): CodeIgniter\CodeIgniter->run()
#12 C:\xampp\htdocs\my-dream\vendor\codeigniter4\framework\system\Commands\Server\rewrite.php(45): require_once('C:\\xampp\\htdocs...')
#13 {main}
CRITICAL - 2021-02-28 06:35:19 --> Invalid default value for 'updated_at'
#0 C:\xampp\htdocs\my-dream\vendor\codeigniter4\framework\system\Database\MySQLi\Connection.php(314): mysqli->query('CREATE TABLE `c...')
#1 C:\xampp\htdocs\my-dream\vendor\codeigniter4\framework\system\Database\BaseConnection.php(713): CodeIgniter\Database\MySQLi\Connection->execute('CREATE TABLE `c...')
#2 C:\xampp\htdocs\my-dream\vendor\codeigniter4\framework\system\Database\BaseConnection.php(641): CodeIgniter\Database\BaseConnection->simpleQuery('CREATE TABLE `c...')
#3 C:\xampp\htdocs\my-dream\vendor\codeigniter4\framework\system\Database\Forge.php(525): CodeIgniter\Database\BaseConnection->query('CREATE TABLE `c...')
#4 C:\xampp\htdocs\my-dream\app\Database\Migrations\20210227113020_install_products.php(89): CodeIgniter\Database\Forge->createTable('categories')
#5 C:\xampp\htdocs\my-dream\vendor\codeigniter4\framework\system\Database\MigrationRunner.php(1057): App\Database\Migrations\Migration_Install_products->up()
#6 C:\xampp\htdocs\my-dream\vendor\codeigniter4\framework\system\Database\MigrationRunner.php(202): CodeIgniter\Database\MigrationRunner->migrate('up', Object(stdClass))
#7 C:\xampp\htdocs\my-dream\app\Controllers\Migrate.php(11): CodeIgniter\Database\MigrationRunner->latest()
#8 C:\xampp\htdocs\my-dream\vendor\codeigniter4\framework\system\CodeIgniter.php(936): App\Controllers\Migrate->index()
#9 C:\xampp\htdocs\my-dream\vendor\codeigniter4\framework\system\CodeIgniter.php(432): CodeIgniter\CodeIgniter->runController(Object(App\Controllers\Migrate))
#10 C:\xampp\htdocs\my-dream\vendor\codeigniter4\framework\system\CodeIgniter.php(333): CodeIgniter\CodeIgniter->handleRequest(NULL, Object(Config\Cache), false)
#11 C:\xampp\htdocs\my-dream\public\index.php(44): CodeIgniter\CodeIgniter->run()
#12 C:\xampp\htdocs\my-dream\vendor\codeigniter4\framework\system\Commands\Server\rewrite.php(45): require_once('C:\\xampp\\htdocs...')
#13 {main}
ERROR - 2021-02-28 06:35:31 --> mysqli_sql_exception: Invalid default value for 'updated_at' in C:\xampp\htdocs\my-dream\vendor\codeigniter4\framework\system\Database\MySQLi\Connection.php:314
Stack trace:
#0 C:\xampp\htdocs\my-dream\vendor\codeigniter4\framework\system\Database\MySQLi\Connection.php(314): mysqli->query('CREATE TABLE `c...')
#1 C:\xampp\htdocs\my-dream\vendor\codeigniter4\framework\system\Database\BaseConnection.php(713): CodeIgniter\Database\MySQLi\Connection->execute('CREATE TABLE `c...')
#2 C:\xampp\htdocs\my-dream\vendor\codeigniter4\framework\system\Database\BaseConnection.php(641): CodeIgniter\Database\BaseConnection->simpleQuery('CREATE TABLE `c...')
#3 C:\xampp\htdocs\my-dream\vendor\codeigniter4\framework\system\Database\Forge.php(525): CodeIgniter\Database\BaseConnection->query('CREATE TABLE `c...')
#4 C:\xampp\htdocs\my-dream\app\Database\Migrations\20210227113020_install_products.php(88): CodeIgniter\Database\Forge->createTable('categories')
#5 C:\xampp\htdocs\my-dream\vendor\codeigniter4\framework\system\Database\MigrationRunner.php(1057): App\Database\Migrations\Migration_Install_products->up()
#6 C:\xampp\htdocs\my-dream\vendor\codeigniter4\framework\system\Database\MigrationRunner.php(202): CodeIgniter\Database\MigrationRunner->migrate('up', Object(stdClass))
#7 C:\xampp\htdocs\my-dream\app\Controllers\Migrate.php(11): CodeIgniter\Database\MigrationRunner->latest()
#8 C:\xampp\htdocs\my-dream\vendor\codeigniter4\framework\system\CodeIgniter.php(936): App\Controllers\Migrate->index()
#9 C:\xampp\htdocs\my-dream\vendor\codeigniter4\framework\system\CodeIgniter.php(432): CodeIgniter\CodeIgniter->runController(Object(App\Controllers\Migrate))
#10 C:\xampp\htdocs\my-dream\vendor\codeigniter4\framework\system\CodeIgniter.php(333): CodeIgniter\CodeIgniter->handleRequest(NULL, Object(Config\Cache), false)
#11 C:\xampp\htdocs\my-dream\public\index.php(44): CodeIgniter\CodeIgniter->run()
#12 C:\xampp\htdocs\my-dream\vendor\codeigniter4\framework\system\Commands\Server\rewrite.php(45): require_once('C:\\xampp\\htdocs...')
#13 {main}
CRITICAL - 2021-02-28 06:35:31 --> Invalid default value for 'updated_at'
#0 C:\xampp\htdocs\my-dream\vendor\codeigniter4\framework\system\Database\MySQLi\Connection.php(314): mysqli->query('CREATE TABLE `c...')
#1 C:\xampp\htdocs\my-dream\vendor\codeigniter4\framework\system\Database\BaseConnection.php(713): CodeIgniter\Database\MySQLi\Connection->execute('CREATE TABLE `c...')
#2 C:\xampp\htdocs\my-dream\vendor\codeigniter4\framework\system\Database\BaseConnection.php(641): CodeIgniter\Database\BaseConnection->simpleQuery('CREATE TABLE `c...')
#3 C:\xampp\htdocs\my-dream\vendor\codeigniter4\framework\system\Database\Forge.php(525): CodeIgniter\Database\BaseConnection->query('CREATE TABLE `c...')
#4 C:\xampp\htdocs\my-dream\app\Database\Migrations\20210227113020_install_products.php(88): CodeIgniter\Database\Forge->createTable('categories')
#5 C:\xampp\htdocs\my-dream\vendor\codeigniter4\framework\system\Database\MigrationRunner.php(1057): App\Database\Migrations\Migration_Install_products->up()
#6 C:\xampp\htdocs\my-dream\vendor\codeigniter4\framework\system\Database\MigrationRunner.php(202): CodeIgniter\Database\MigrationRunner->migrate('up', Object(stdClass))
#7 C:\xampp\htdocs\my-dream\app\Controllers\Migrate.php(11): CodeIgniter\Database\MigrationRunner->latest()
#8 C:\xampp\htdocs\my-dream\vendor\codeigniter4\framework\system\CodeIgniter.php(936): App\Controllers\Migrate->index()
#9 C:\xampp\htdocs\my-dream\vendor\codeigniter4\framework\system\CodeIgniter.php(432): CodeIgniter\CodeIgniter->runController(Object(App\Controllers\Migrate))
#10 C:\xampp\htdocs\my-dream\vendor\codeigniter4\framework\system\CodeIgniter.php(333): CodeIgniter\CodeIgniter->handleRequest(NULL, Object(Config\Cache), false)
#11 C:\xampp\htdocs\my-dream\public\index.php(44): CodeIgniter\CodeIgniter->run()
#12 C:\xampp\htdocs\my-dream\vendor\codeigniter4\framework\system\Commands\Server\rewrite.php(45): require_once('C:\\xampp\\htdocs...')
#13 {main}
CRITICAL - 2021-02-28 06:43:27 --> Undefined property: App\Controllers\Products::$session
#0 C:\xampp\htdocs\my-dream\app\Controllers\Products.php(28): CodeIgniter\Debug\Exceptions->errorHandler(8, 'Undefined prope...', 'C:\\xampp\\htdocs...', 28, Array)
#1 C:\xampp\htdocs\my-dream\vendor\codeigniter4\framework\system\CodeIgniter.php(936): App\Controllers\Products->addCategories()
#2 C:\xampp\htdocs\my-dream\vendor\codeigniter4\framework\system\CodeIgniter.php(432): CodeIgniter\CodeIgniter->runController(Object(App\Controllers\Products))
#3 C:\xampp\htdocs\my-dream\vendor\codeigniter4\framework\system\CodeIgniter.php(333): CodeIgniter\CodeIgniter->handleRequest(NULL, Object(Config\Cache), false)
#4 C:\xampp\htdocs\my-dream\public\index.php(44): CodeIgniter\CodeIgniter->run()
#5 C:\xampp\htdocs\my-dream\vendor\codeigniter4\framework\system\Commands\Server\rewrite.php(45): require_once('C:\\xampp\\htdocs...')
#6 {main}
CRITICAL - 2021-02-28 06:44:25 --> Call to undefined method CodeIgniter\Session\Session::userdata()
#0 C:\xampp\htdocs\my-dream\vendor\codeigniter4\framework\system\CodeIgniter.php(936): App\Controllers\Products->addCategories()
#1 C:\xampp\htdocs\my-dream\vendor\codeigniter4\framework\system\CodeIgniter.php(432): CodeIgniter\CodeIgniter->runController(Object(App\Controllers\Products))
#2 C:\xampp\htdocs\my-dream\vendor\codeigniter4\framework\system\CodeIgniter.php(333): CodeIgniter\CodeIgniter->handleRequest(NULL, Object(Config\Cache), false)
#3 C:\xampp\htdocs\my-dream\public\index.php(44): CodeIgniter\CodeIgniter->run()
#4 C:\xampp\htdocs\my-dream\vendor\codeigniter4\framework\system\Commands\Server\rewrite.php(45): require_once('C:\\xampp\\htdocs...')
#5 {main}
CRITICAL - 2021-02-28 06:45:56 --> Too few arguments to function CodeIgniter\BaseModel::save(), 0 passed in C:\xampp\htdocs\my-dream\app\Controllers\Products.php on line 29 and exactly 1 expected
#0 C:\xampp\htdocs\my-dream\app\Controllers\Products.php(29): CodeIgniter\BaseModel->save()
#1 C:\xampp\htdocs\my-dream\vendor\codeigniter4\framework\system\CodeIgniter.php(936): App\Controllers\Products->addCategories()
#2 C:\xampp\htdocs\my-dream\vendor\codeigniter4\framework\system\CodeIgniter.php(432): CodeIgniter\CodeIgniter->runController(Object(App\Controllers\Products))
#3 C:\xampp\htdocs\my-dream\vendor\codeigniter4\framework\system\CodeIgniter.php(333): CodeIgniter\CodeIgniter->handleRequest(NULL, Object(Config\Cache), false)
#4 C:\xampp\htdocs\my-dream\public\index.php(44): CodeIgniter\CodeIgniter->run()
#5 C:\xampp\htdocs\my-dream\vendor\codeigniter4\framework\system\Commands\Server\rewrite.php(45): require_once('C:\\xampp\\htdocs...')
#6 {main}
CRITICAL - 2021-02-28 06:46:30 --> Allowed fields must be specified for model: App\Models\BaseModel
#0 C:\xampp\htdocs\my-dream\vendor\codeigniter4\framework\system\BaseModel.php(1202): CodeIgniter\Database\Exceptions\DataException::forInvalidAllowedFields('App\\Models\\Base...')
#1 C:\xampp\htdocs\my-dream\vendor\codeigniter4\framework\system\BaseModel.php(729): CodeIgniter\BaseModel->doProtectFields(Array)
#2 C:\xampp\htdocs\my-dream\vendor\codeigniter4\framework\system\Model.php(705): CodeIgniter\BaseModel->insert(Array, false)
#3 C:\xampp\htdocs\my-dream\vendor\codeigniter4\framework\system\BaseModel.php(667): CodeIgniter\Model->insert(Array, false)
#4 C:\xampp\htdocs\my-dream\app\Controllers\Products.php(29): CodeIgniter\BaseModel->save(Array)
#5 C:\xampp\htdocs\my-dream\vendor\codeigniter4\framework\system\CodeIgniter.php(936): App\Controllers\Products->addCategories()
#6 C:\xampp\htdocs\my-dream\vendor\codeigniter4\framework\system\CodeIgniter.php(432): CodeIgniter\CodeIgniter->runController(Object(App\Controllers\Products))
#7 C:\xampp\htdocs\my-dream\vendor\codeigniter4\framework\system\CodeIgniter.php(333): CodeIgniter\CodeIgniter->handleRequest(NULL, Object(Config\Cache), false)
#8 C:\xampp\htdocs\my-dream\public\index.php(44): CodeIgniter\CodeIgniter->run()
#9 C:\xampp\htdocs\my-dream\vendor\codeigniter4\framework\system\Commands\Server\rewrite.php(45): require_once('C:\\xampp\\htdocs...')
#10 {main}
CRITICAL - 2021-02-28 06:48:18 --> Allowed fields must be specified for model: App\Models\BaseModel
#0 C:\xampp\htdocs\my-dream\vendor\codeigniter4\framework\system\BaseModel.php(1202): CodeIgniter\Database\Exceptions\DataException::forInvalidAllowedFields('App\\Models\\Base...')
#1 C:\xampp\htdocs\my-dream\vendor\codeigniter4\framework\system\BaseModel.php(729): CodeIgniter\BaseModel->doProtectFields(Array)
#2 C:\xampp\htdocs\my-dream\vendor\codeigniter4\framework\system\Model.php(705): CodeIgniter\BaseModel->insert(Array, false)
#3 C:\xampp\htdocs\my-dream\vendor\codeigniter4\framework\system\BaseModel.php(667): CodeIgniter\Model->insert(Array, false)
#4 C:\xampp\htdocs\my-dream\app\Controllers\Products.php(29): CodeIgniter\BaseModel->save(Array)
#5 C:\xampp\htdocs\my-dream\vendor\codeigniter4\framework\system\CodeIgniter.php(936): App\Controllers\Products->addCategories()
#6 C:\xampp\htdocs\my-dream\vendor\codeigniter4\framework\system\CodeIgniter.php(432): CodeIgniter\CodeIgniter->runController(Object(App\Controllers\Products))
#7 C:\xampp\htdocs\my-dream\vendor\codeigniter4\framework\system\CodeIgniter.php(333): CodeIgniter\CodeIgniter->handleRequest(NULL, Object(Config\Cache), false)
#8 C:\xampp\htdocs\my-dream\public\index.php(44): CodeIgniter\CodeIgniter->run()
#9 C:\xampp\htdocs\my-dream\vendor\codeigniter4\framework\system\Commands\Server\rewrite.php(45): require_once('C:\\xampp\\htdocs...')
#10 {main}
CRITICAL - 2021-02-28 06:48:29 --> Allowed fields must be specified for model: App\Models\BaseModel
#0 C:\xampp\htdocs\my-dream\vendor\codeigniter4\framework\system\BaseModel.php(1202): CodeIgniter\Database\Exceptions\DataException::forInvalidAllowedFields('App\\Models\\Base...')
#1 C:\xampp\htdocs\my-dream\vendor\codeigniter4\framework\system\BaseModel.php(729): CodeIgniter\BaseModel->doProtectFields(Array)
#2 C:\xampp\htdocs\my-dream\vendor\codeigniter4\framework\system\Model.php(705): CodeIgniter\BaseModel->insert(Array, false)
#3 C:\xampp\htdocs\my-dream\vendor\codeigniter4\framework\system\BaseModel.php(667): CodeIgniter\Model->insert(Array, false)
#4 C:\xampp\htdocs\my-dream\app\Controllers\Products.php(29): CodeIgniter\BaseModel->save(Array)
#5 C:\xampp\htdocs\my-dream\vendor\codeigniter4\framework\system\CodeIgniter.php(936): App\Controllers\Products->addCategories()
#6 C:\xampp\htdocs\my-dream\vendor\codeigniter4\framework\system\CodeIgniter.php(432): CodeIgniter\CodeIgniter->runController(Object(App\Controllers\Products))
#7 C:\xampp\htdocs\my-dream\vendor\codeigniter4\framework\system\CodeIgniter.php(333): CodeIgniter\CodeIgniter->handleRequest(NULL, Object(Config\Cache), false)
#8 C:\xampp\htdocs\my-dream\public\index.php(44): CodeIgniter\CodeIgniter->run()
#9 C:\xampp\htdocs\my-dream\vendor\codeigniter4\framework\system\Commands\Server\rewrite.php(45): require_once('C:\\xampp\\htdocs...')
#10 {main}
CRITICAL - 2021-02-28 06:48:46 --> in_array() expects parameter 2 to be array, bool given
#0 [internal function]: CodeIgniter\Debug\Exceptions->errorHandler(2, 'in_array() expe...', 'C:\\xampp\\htdocs...', 1207, Array)
#1 C:\xampp\htdocs\my-dream\vendor\codeigniter4\framework\system\BaseModel.php(1207): in_array('name', true, true)
#2 C:\xampp\htdocs\my-dream\vendor\codeigniter4\framework\system\BaseModel.php(729): CodeIgniter\BaseModel->doProtectFields(Array)
#3 C:\xampp\htdocs\my-dream\vendor\codeigniter4\framework\system\Model.php(705): CodeIgniter\BaseModel->insert(Array, false)
#4 C:\xampp\htdocs\my-dream\vendor\codeigniter4\framework\system\BaseModel.php(667): CodeIgniter\Model->insert(Array, false)
#5 C:\xampp\htdocs\my-dream\app\Controllers\Products.php(29): CodeIgniter\BaseModel->save(Array)
#6 C:\xampp\htdocs\my-dream\vendor\codeigniter4\framework\system\CodeIgniter.php(936): App\Controllers\Products->addCategories()
#7 C:\xampp\htdocs\my-dream\vendor\codeigniter4\framework\system\CodeIgniter.php(432): CodeIgniter\CodeIgniter->runController(Object(App\Controllers\Products))
#8 C:\xampp\htdocs\my-dream\vendor\codeigniter4\framework\system\CodeIgniter.php(333): CodeIgniter\CodeIgniter->handleRequest(NULL, Object(Config\Cache), false)
#9 C:\xampp\htdocs\my-dream\public\index.php(44): CodeIgniter\CodeIgniter->run()
#10 C:\xampp\htdocs\my-dream\vendor\codeigniter4\framework\system\Commands\Server\rewrite.php(45): require_once('C:\\xampp\\htdocs...')
#11 {main}
CRITICAL - 2021-02-28 06:49:44 --> Allowed fields must be specified for model: App\Models\BaseModel
#0 C:\xampp\htdocs\my-dream\vendor\codeigniter4\framework\system\BaseModel.php(1202): CodeIgniter\Database\Exceptions\DataException::forInvalidAllowedFields('App\\Models\\Base...')
#1 C:\xampp\htdocs\my-dream\vendor\codeigniter4\framework\system\BaseModel.php(729): CodeIgniter\BaseModel->doProtectFields(Array)
#2 C:\xampp\htdocs\my-dream\vendor\codeigniter4\framework\system\Model.php(705): CodeIgniter\BaseModel->insert(Array, false)
#3 C:\xampp\htdocs\my-dream\vendor\codeigniter4\framework\system\BaseModel.php(667): CodeIgniter\Model->insert(Array, false)
#4 C:\xampp\htdocs\my-dream\app\Controllers\Products.php(29): CodeIgniter\BaseModel->save(Array)
#5 C:\xampp\htdocs\my-dream\vendor\codeigniter4\framework\system\CodeIgniter.php(936): App\Controllers\Products->addCategories()
#6 C:\xampp\htdocs\my-dream\vendor\codeigniter4\framework\system\CodeIgniter.php(432): CodeIgniter\CodeIgniter->runController(Object(App\Controllers\Products))
#7 C:\xampp\htdocs\my-dream\vendor\codeigniter4\framework\system\CodeIgniter.php(333): CodeIgniter\CodeIgniter->handleRequest(NULL, Object(Config\Cache), false)
#8 C:\xampp\htdocs\my-dream\public\index.php(44): CodeIgniter\CodeIgniter->run()
#9 C:\xampp\htdocs\my-dream\vendor\codeigniter4\framework\system\Commands\Server\rewrite.php(45): require_once('C:\\xampp\\htdocs...')
#10 {main}
CRITICAL - 2021-02-28 06:50:59 --> Allowed fields must be specified for model: App\Models\BaseModel
#0 C:\xampp\htdocs\my-dream\vendor\codeigniter4\framework\system\BaseModel.php(1202): CodeIgniter\Database\Exceptions\DataException::forInvalidAllowedFields('App\\Models\\Base...')
#1 C:\xampp\htdocs\my-dream\vendor\codeigniter4\framework\system\BaseModel.php(729): CodeIgniter\BaseModel->doProtectFields(Array)
#2 C:\xampp\htdocs\my-dream\vendor\codeigniter4\framework\system\Model.php(705): CodeIgniter\BaseModel->insert(Array, false)
#3 C:\xampp\htdocs\my-dream\vendor\codeigniter4\framework\system\BaseModel.php(667): CodeIgniter\Model->insert(Array, false)
#4 C:\xampp\htdocs\my-dream\app\Controllers\Products.php(29): CodeIgniter\BaseModel->save(Array)
#5 C:\xampp\htdocs\my-dream\vendor\codeigniter4\framework\system\CodeIgniter.php(936): App\Controllers\Products->addCategories()
#6 C:\xampp\htdocs\my-dream\vendor\codeigniter4\framework\system\CodeIgniter.php(432): CodeIgniter\CodeIgniter->runController(Object(App\Controllers\Products))
#7 C:\xampp\htdocs\my-dream\vendor\codeigniter4\framework\system\CodeIgniter.php(333): CodeIgniter\CodeIgniter->handleRequest(NULL, Object(Config\Cache), false)
#8 C:\xampp\htdocs\my-dream\public\index.php(44): CodeIgniter\CodeIgniter->run()
#9 C:\xampp\htdocs\my-dream\vendor\codeigniter4\framework\system\Commands\Server\rewrite.php(45): require_once('C:\\xampp\\htdocs...')
#10 {main}
ERROR - 2021-02-28 06:51:40 --> mysqli_sql_exception: Cannot add or update a child row: a foreign key constraint fails (`my_dream`.`categories`, CONSTRAINT `categories_user_id_foreign` FOREIGN KEY (`user_id`) REFERENCES `users` (`id`) ON DELETE CASCADE ON UPDATE NO ACTION) in C:\xampp\htdocs\my-dream\vendor\codeigniter4\framework\system\Database\MySQLi\Connection.php:314
Stack trace:
#0 C:\xampp\htdocs\my-dream\vendor\codeigniter4\framework\system\Database\MySQLi\Connection.php(314): mysqli->query('INSERT INTO `ca...')
#1 C:\xampp\htdocs\my-dream\vendor\codeigniter4\framework\system\Database\BaseConnection.php(713): CodeIgniter\Database\MySQLi\Connection->execute('INSERT INTO `ca...')
#2 C:\xampp\htdocs\my-dream\vendor\codeigniter4\framework\system\Database\BaseConnection.php(641): CodeIgniter\Database\BaseConnection->simpleQuery('INSERT INTO `ca...')
#3 C:\xampp\htdocs\my-dream\vendor\codeigniter4\framework\system\Database\BaseBuilder.php(2263): CodeIgniter\Database\BaseConnection->query('INSERT INTO `ca...', Array, false)
#4 C:\xampp\htdocs\my-dream\vendor\codeigniter4\framework\system\Model.php(278): CodeIgniter\Database\BaseBuilder->insert()
#5 C:\xampp\htdocs\my-dream\vendor\codeigniter4\framework\system\BaseModel.php(758): CodeIgniter\Model->doInsert(Array)
#6 C:\xampp\htdocs\my-dream\vendor\codeigniter4\framework\system\Model.php(705): CodeIgniter\BaseModel->insert(Array, false)
#7 C:\xampp\htdocs\my-dream\vendor\codeigniter4\framework\system\BaseModel.php(667): CodeIgniter\Model->insert(Array, false)
#8 C:\xampp\htdocs\my-dream\app\Controllers\Products.php(29): CodeIgniter\BaseModel->save(Array)
#9 C:\xampp\htdocs\my-dream\vendor\codeigniter4\framework\system\CodeIgniter.php(936): App\Controllers\Products->addCategories()
#10 C:\xampp\htdocs\my-dream\vendor\codeigniter4\framework\system\CodeIgniter.php(432): CodeIgniter\CodeIgniter->runController(Object(App\Controllers\Products))
#11 C:\xampp\htdocs\my-dream\vendor\codeigniter4\framework\system\CodeIgniter.php(333): CodeIgniter\CodeIgniter->handleRequest(NULL, Object(Config\Cache), false)
#12 C:\xampp\htdocs\my-dream\public\index.php(44): CodeIgniter\CodeIgniter->run()
#13 C:\xampp\htdocs\my-dream\vendor\codeigniter4\framework\system\Commands\Server\rewrite.php(45): require_once('C:\\xampp\\htdocs...')
#14 {main}
CRITICAL - 2021-02-28 06:51:40 --> Cannot add or update a child row: a foreign key constraint fails (`my_dream`.`categories`, CONSTRAINT `categories_user_id_foreign` FOREIGN KEY (`user_id`) REFERENCES `users` (`id`) ON DELETE CASCADE ON UPDATE NO ACTION)
#0 C:\xampp\htdocs\my-dream\vendor\codeigniter4\framework\system\Database\MySQLi\Connection.php(314): mysqli->query('INSERT INTO `ca...')
#1 C:\xampp\htdocs\my-dream\vendor\codeigniter4\framework\system\Database\BaseConnection.php(713): CodeIgniter\Database\MySQLi\Connection->execute('INSERT INTO `ca...')
#2 C:\xampp\htdocs\my-dream\vendor\codeigniter4\framework\system\Database\BaseConnection.php(641): CodeIgniter\Database\BaseConnection->simpleQuery('INSERT INTO `ca...')
#3 C:\xampp\htdocs\my-dream\vendor\codeigniter4\framework\system\Database\BaseBuilder.php(2263): CodeIgniter\Database\BaseConnection->query('INSERT INTO `ca...', Array, false)
#4 C:\xampp\htdocs\my-dream\vendor\codeigniter4\framework\system\Model.php(278): CodeIgniter\Database\BaseBuilder->insert()
#5 C:\xampp\htdocs\my-dream\vendor\codeigniter4\framework\system\BaseModel.php(758): CodeIgniter\Model->doInsert(Array)
#6 C:\xampp\htdocs\my-dream\vendor\codeigniter4\framework\system\Model.php(705): CodeIgniter\BaseModel->insert(Array, false)
#7 C:\xampp\htdocs\my-dream\vendor\codeigniter4\framework\system\BaseModel.php(667): CodeIgniter\Model->insert(Array, false)
#8 C:\xampp\htdocs\my-dream\app\Controllers\Products.php(29): CodeIgniter\BaseModel->save(Array)
#9 C:\xampp\htdocs\my-dream\vendor\codeigniter4\framework\system\CodeIgniter.php(936): App\Controllers\Products->addCategories()
#10 C:\xampp\htdocs\my-dream\vendor\codeigniter4\framework\system\CodeIgniter.php(432): CodeIgniter\CodeIgniter->runController(Object(App\Controllers\Products))
#11 C:\xampp\htdocs\my-dream\vendor\codeigniter4\framework\system\CodeIgniter.php(333): CodeIgniter\CodeIgniter->handleRequest(NULL, Object(Config\Cache), false)
#12 C:\xampp\htdocs\my-dream\public\index.php(44): CodeIgniter\CodeIgniter->run()
#13 C:\xampp\htdocs\my-dream\vendor\codeigniter4\framework\system\Commands\Server\rewrite.php(45): require_once('C:\\xampp\\htdocs...')
#14 {main}
ERROR - 2021-02-28 06:53:41 --> mysqli_sql_exception: Cannot add or update a child row: a foreign key constraint fails (`my_dream`.`categories`, CONSTRAINT `categories_user_id_foreign` FOREIGN KEY (`user_id`) REFERENCES `users` (`id`) ON DELETE CASCADE ON UPDATE NO ACTION) in C:\xampp\htdocs\my-dream\vendor\codeigniter4\framework\system\Database\MySQLi\Connection.php:314
Stack trace:
#0 C:\xampp\htdocs\my-dream\vendor\codeigniter4\framework\system\Database\MySQLi\Connection.php(314): mysqli->query('INSERT INTO `ca...')
#1 C:\xampp\htdocs\my-dream\vendor\codeigniter4\framework\system\Database\BaseConnection.php(713): CodeIgniter\Database\MySQLi\Connection->execute('INSERT INTO `ca...')
#2 C:\xampp\htdocs\my-dream\vendor\codeigniter4\framework\system\Database\BaseConnection.php(641): CodeIgniter\Database\BaseConnection->simpleQuery('INSERT INTO `ca...')
#3 C:\xampp\htdocs\my-dream\vendor\codeigniter4\framework\system\Database\BaseBuilder.php(2263): CodeIgniter\Database\BaseConnection->query('INSERT INTO `ca...', Array, false)
#4 C:\xampp\htdocs\my-dream\vendor\codeigniter4\framework\system\Model.php(278): CodeIgniter\Database\BaseBuilder->insert()
#5 C:\xampp\htdocs\my-dream\vendor\codeigniter4\framework\system\BaseModel.php(758): CodeIgniter\Model->doInsert(Array)
#6 C:\xampp\htdocs\my-dream\vendor\codeigniter4\framework\system\Model.php(705): CodeIgniter\BaseModel->insert(Array, false)
#7 C:\xampp\htdocs\my-dream\vendor\codeigniter4\framework\system\BaseModel.php(667): CodeIgniter\Model->insert(Array, false)
#8 C:\xampp\htdocs\my-dream\app\Controllers\Products.php(29): CodeIgniter\BaseModel->save(Array)
#9 C:\xampp\htdocs\my-dream\vendor\codeigniter4\framework\system\CodeIgniter.php(936): App\Controllers\Products->addCategories()
#10 C:\xampp\htdocs\my-dream\vendor\codeigniter4\framework\system\CodeIgniter.php(432): CodeIgniter\CodeIgniter->runController(Object(App\Controllers\Products))
#11 C:\xampp\htdocs\my-dream\vendor\codeigniter4\framework\system\CodeIgniter.php(333): CodeIgniter\CodeIgniter->handleRequest(NULL, Object(Config\Cache), false)
#12 C:\xampp\htdocs\my-dream\public\index.php(44): CodeIgniter\CodeIgniter->run()
#13 C:\xampp\htdocs\my-dream\vendor\codeigniter4\framework\system\Commands\Server\rewrite.php(45): require_once('C:\\xampp\\htdocs...')
#14 {main}
CRITICAL - 2021-02-28 06:53:41 --> Cannot add or update a child row: a foreign key constraint fails (`my_dream`.`categories`, CONSTRAINT `categories_user_id_foreign` FOREIGN KEY (`user_id`) REFERENCES `users` (`id`) ON DELETE CASCADE ON UPDATE NO ACTION)
#0 C:\xampp\htdocs\my-dream\vendor\codeigniter4\framework\system\Database\MySQLi\Connection.php(314): mysqli->query('INSERT INTO `ca...')
#1 C:\xampp\htdocs\my-dream\vendor\codeigniter4\framework\system\Database\BaseConnection.php(713): CodeIgniter\Database\MySQLi\Connection->execute('INSERT INTO `ca...')
#2 C:\xampp\htdocs\my-dream\vendor\codeigniter4\framework\system\Database\BaseConnection.php(641): CodeIgniter\Database\BaseConnection->simpleQuery('INSERT INTO `ca...')
#3 C:\xampp\htdocs\my-dream\vendor\codeigniter4\framework\system\Database\BaseBuilder.php(2263): CodeIgniter\Database\BaseConnection->query('INSERT INTO `ca...', Array, false)
#4 C:\xampp\htdocs\my-dream\vendor\codeigniter4\framework\system\Model.php(278): CodeIgniter\Database\BaseBuilder->insert()
#5 C:\xampp\htdocs\my-dream\vendor\codeigniter4\framework\system\BaseModel.php(758): CodeIgniter\Model->doInsert(Array)
#6 C:\xampp\htdocs\my-dream\vendor\codeigniter4\framework\system\Model.php(705): CodeIgniter\BaseModel->insert(Array, false)
#7 C:\xampp\htdocs\my-dream\vendor\codeigniter4\framework\system\BaseModel.php(667): CodeIgniter\Model->insert(Array, false)
#8 C:\xampp\htdocs\my-dream\app\Controllers\Products.php(29): CodeIgniter\BaseModel->save(Array)
#9 C:\xampp\htdocs\my-dream\vendor\codeigniter4\framework\system\CodeIgniter.php(936): App\Controllers\Products->addCategories()
#10 C:\xampp\htdocs\my-dream\vendor\codeigniter4\framework\system\CodeIgniter.php(432): CodeIgniter\CodeIgniter->runController(Object(App\Controllers\Products))
#11 C:\xampp\htdocs\my-dream\vendor\codeigniter4\framework\system\CodeIgniter.php(333): CodeIgniter\CodeIgniter->handleRequest(NULL, Object(Config\Cache), false)
#12 C:\xampp\htdocs\my-dream\public\index.php(44): CodeIgniter\CodeIgniter->run()
#13 C:\xampp\htdocs\my-dream\vendor\codeigniter4\framework\system\Commands\Server\rewrite.php(45): require_once('C:\\xampp\\htdocs...')
#14 {main}
ERROR - 2021-02-28 06:59:39 --> mysqli_sql_exception: Cannot add or update a child row: a foreign key constraint fails (`my_dream`.`categories`, CONSTRAINT `categories_user_id_foreign` FOREIGN KEY (`user_id`) REFERENCES `users` (`id`) ON DELETE CASCADE ON UPDATE NO ACTION) in C:\xampp\htdocs\my-dream\vendor\codeigniter4\framework\system\Database\MySQLi\Connection.php:314
Stack trace:
#0 C:\xampp\htdocs\my-dream\vendor\codeigniter4\framework\system\Database\MySQLi\Connection.php(314): mysqli->query('INSERT INTO `ca...')
#1 C:\xampp\htdocs\my-dream\vendor\codeigniter4\framework\system\Database\BaseConnection.php(713): CodeIgniter\Database\MySQLi\Connection->execute('INSERT INTO `ca...')
#2 C:\xampp\htdocs\my-dream\vendor\codeigniter4\framework\system\Database\BaseConnection.php(641): CodeIgniter\Database\BaseConnection->simpleQuery('INSERT INTO `ca...')
#3 C:\xampp\htdocs\my-dream\vendor\codeigniter4\framework\system\Database\BaseBuilder.php(2263): CodeIgniter\Database\BaseConnection->query('INSERT INTO `ca...', Array, false)
#4 C:\xampp\htdocs\my-dream\vendor\codeigniter4\framework\system\Model.php(278): CodeIgniter\Database\BaseBuilder->insert()
#5 C:\xampp\htdocs\my-dream\vendor\codeigniter4\framework\system\BaseModel.php(758): CodeIgniter\Model->doInsert(Array)
#6 C:\xampp\htdocs\my-dream\vendor\codeigniter4\framework\system\Model.php(705): CodeIgniter\BaseModel->insert(Array, false)
#7 C:\xampp\htdocs\my-dream\vendor\codeigniter4\framework\system\BaseModel.php(667): CodeIgniter\Model->insert(Array, false)
#8 C:\xampp\htdocs\my-dream\app\Controllers\Products.php(29): CodeIgniter\BaseModel->save(Array)
#9 C:\xampp\htdocs\my-dream\vendor\codeigniter4\framework\system\CodeIgniter.php(936): App\Controllers\Products->addCategories()
#10 C:\xampp\htdocs\my-dream\vendor\codeigniter4\framework\system\CodeIgniter.php(432): CodeIgniter\CodeIgniter->runController(Object(App\Controllers\Products))
#11 C:\xampp\htdocs\my-dream\vendor\codeigniter4\framework\system\CodeIgniter.php(333): CodeIgniter\CodeIgniter->handleRequest(NULL, Object(Config\Cache), false)
#12 C:\xampp\htdocs\my-dream\public\index.php(44): CodeIgniter\CodeIgniter->run()
#13 C:\xampp\htdocs\my-dream\vendor\codeigniter4\framework\system\Commands\Server\rewrite.php(45): require_once('C:\\xampp\\htdocs...')
#14 {main}
CRITICAL - 2021-02-28 06:59:39 --> Cannot add or update a child row: a foreign key constraint fails (`my_dream`.`categories`, CONSTRAINT `categories_user_id_foreign` FOREIGN KEY (`user_id`) REFERENCES `users` (`id`) ON DELETE CASCADE ON UPDATE NO ACTION)
#0 C:\xampp\htdocs\my-dream\vendor\codeigniter4\framework\system\Database\MySQLi\Connection.php(314): mysqli->query('INSERT INTO `ca...')
#1 C:\xampp\htdocs\my-dream\vendor\codeigniter4\framework\system\Database\BaseConnection.php(713): CodeIgniter\Database\MySQLi\Connection->execute('INSERT INTO `ca...')
#2 C:\xampp\htdocs\my-dream\vendor\codeigniter4\framework\system\Database\BaseConnection.php(641): CodeIgniter\Database\BaseConnection->simpleQuery('INSERT INTO `ca...')
#3 C:\xampp\htdocs\my-dream\vendor\codeigniter4\framework\system\Database\BaseBuilder.php(2263): CodeIgniter\Database\BaseConnection->query('INSERT INTO `ca...', Array, false)
#4 C:\xampp\htdocs\my-dream\vendor\codeigniter4\framework\system\Model.php(278): CodeIgniter\Database\BaseBuilder->insert()
#5 C:\xampp\htdocs\my-dream\vendor\codeigniter4\framework\system\BaseModel.php(758): CodeIgniter\Model->doInsert(Array)
#6 C:\xampp\htdocs\my-dream\vendor\codeigniter4\framework\system\Model.php(705): CodeIgniter\BaseModel->insert(Array, false)
#7 C:\xampp\htdocs\my-dream\vendor\codeigniter4\framework\system\BaseModel.php(667): CodeIgniter\Model->insert(Array, false)
#8 C:\xampp\htdocs\my-dream\app\Controllers\Products.php(29): CodeIgniter\BaseModel->save(Array)
#9 C:\xampp\htdocs\my-dream\vendor\codeigniter4\framework\system\CodeIgniter.php(936): App\Controllers\Products->addCategories()
#10 C:\xampp\htdocs\my-dream\vendor\codeigniter4\framework\system\CodeIgniter.php(432): CodeIgniter\CodeIgniter->runController(Object(App\Controllers\Products))
#11 C:\xampp\htdocs\my-dream\vendor\codeigniter4\framework\system\CodeIgniter.php(333): CodeIgniter\CodeIgniter->handleRequest(NULL, Object(Config\Cache), false)
#12 C:\xampp\htdocs\my-dream\public\index.php(44): CodeIgniter\CodeIgniter->run()
#13 C:\xampp\htdocs\my-dream\vendor\codeigniter4\framework\system\Commands\Server\rewrite.php(45): require_once('C:\\xampp\\htdocs...')
#14 {main}
ERROR - 2021-02-28 07:01:15 --> mysqli_sql_exception: Cannot add or update a child row: a foreign key constraint fails (`my_dream`.`categories`, CONSTRAINT `categories_user_id_foreign` FOREIGN KEY (`user_id`) REFERENCES `users` (`id`) ON DELETE CASCADE) in C:\xampp\htdocs\my-dream\vendor\codeigniter4\framework\system\Database\MySQLi\Connection.php:314
Stack trace:
#0 C:\xampp\htdocs\my-dream\vendor\codeigniter4\framework\system\Database\MySQLi\Connection.php(314): mysqli->query('INSERT INTO `ca...')
#1 C:\xampp\htdocs\my-dream\vendor\codeigniter4\framework\system\Database\BaseConnection.php(713): CodeIgniter\Database\MySQLi\Connection->execute('INSERT INTO `ca...')
#2 C:\xampp\htdocs\my-dream\vendor\codeigniter4\framework\system\Database\BaseConnection.php(641): CodeIgniter\Database\BaseConnection->simpleQuery('INSERT INTO `ca...')
#3 C:\xampp\htdocs\my-dream\vendor\codeigniter4\framework\system\Database\BaseBuilder.php(2263): CodeIgniter\Database\BaseConnection->query('INSERT INTO `ca...', Array, false)
#4 C:\xampp\htdocs\my-dream\vendor\codeigniter4\framework\system\Model.php(278): CodeIgniter\Database\BaseBuilder->insert()
#5 C:\xampp\htdocs\my-dream\vendor\codeigniter4\framework\system\BaseModel.php(758): CodeIgniter\Model->doInsert(Array)
#6 C:\xampp\htdocs\my-dream\vendor\codeigniter4\framework\system\Model.php(705): CodeIgniter\BaseModel->insert(Array, false)
#7 C:\xampp\htdocs\my-dream\vendor\codeigniter4\framework\system\BaseModel.php(667): CodeIgniter\Model->insert(Array, false)
#8 C:\xampp\htdocs\my-dream\app\Controllers\Products.php(29): CodeIgniter\BaseModel->save(Array)
#9 C:\xampp\htdocs\my-dream\vendor\codeigniter4\framework\system\CodeIgniter.php(936): App\Controllers\Products->addCategories()
#10 C:\xampp\htdocs\my-dream\vendor\codeigniter4\framework\system\CodeIgniter.php(432): CodeIgniter\CodeIgniter->runController(Object(App\Controllers\Products))
#11 C:\xampp\htdocs\my-dream\vendor\codeigniter4\framework\system\CodeIgniter.php(333): CodeIgniter\CodeIgniter->handleRequest(NULL, Object(Config\Cache), false)
#12 C:\xampp\htdocs\my-dream\public\index.php(44): CodeIgniter\CodeIgniter->run()
#13 C:\xampp\htdocs\my-dream\vendor\codeigniter4\framework\system\Commands\Server\rewrite.php(45): require_once('C:\\xampp\\htdocs...')
#14 {main}
CRITICAL - 2021-02-28 07:01:15 --> Cannot add or update a child row: a foreign key constraint fails (`my_dream`.`categories`, CONSTRAINT `categories_user_id_foreign` FOREIGN KEY (`user_id`) REFERENCES `users` (`id`) ON DELETE CASCADE)
#0 C:\xampp\htdocs\my-dream\vendor\codeigniter4\framework\system\Database\MySQLi\Connection.php(314): mysqli->query('INSERT INTO `ca...')
#1 C:\xampp\htdocs\my-dream\vendor\codeigniter4\framework\system\Database\BaseConnection.php(713): CodeIgniter\Database\MySQLi\Connection->execute('INSERT INTO `ca...')
#2 C:\xampp\htdocs\my-dream\vendor\codeigniter4\framework\system\Database\BaseConnection.php(641): CodeIgniter\Database\BaseConnection->simpleQuery('INSERT INTO `ca...')
#3 C:\xampp\htdocs\my-dream\vendor\codeigniter4\framework\system\Database\BaseBuilder.php(2263): CodeIgniter\Database\BaseConnection->query('INSERT INTO `ca...', Array, false)
#4 C:\xampp\htdocs\my-dream\vendor\codeigniter4\framework\system\Model.php(278): CodeIgniter\Database\BaseBuilder->insert()
#5 C:\xampp\htdocs\my-dream\vendor\codeigniter4\framework\system\BaseModel.php(758): CodeIgniter\Model->doInsert(Array)
#6 C:\xampp\htdocs\my-dream\vendor\codeigniter4\framework\system\Model.php(705): CodeIgniter\BaseModel->insert(Array, false)
#7 C:\xampp\htdocs\my-dream\vendor\codeigniter4\framework\system\BaseModel.php(667): CodeIgniter\Model->insert(Array, false)
#8 C:\xampp\htdocs\my-dream\app\Controllers\Products.php(29): CodeIgniter\BaseModel->save(Array)
#9 C:\xampp\htdocs\my-dream\vendor\codeigniter4\framework\system\CodeIgniter.php(936): App\Controllers\Products->addCategories()
#10 C:\xampp\htdocs\my-dream\vendor\codeigniter4\framework\system\CodeIgniter.php(432): CodeIgniter\CodeIgniter->runController(Object(App\Controllers\Products))
#11 C:\xampp\htdocs\my-dream\vendor\codeigniter4\framework\system\CodeIgniter.php(333): CodeIgniter\CodeIgniter->handleRequest(NULL, Object(Config\Cache), false)
#12 C:\xampp\htdocs\my-dream\public\index.php(44): CodeIgniter\CodeIgniter->run()
#13 C:\xampp\htdocs\my-dream\vendor\codeigniter4\framework\system\Commands\Server\rewrite.php(45): require_once('C:\\xampp\\htdocs...')
#14 {main}
ERROR - 2021-02-28 07:02:55 --> mysqli_sql_exception: Cannot add or update a child row: a foreign key constraint fails (`my_dream`.`categories`, CONSTRAINT `categories_user_id_foreign` FOREIGN KEY (`user_id`) REFERENCES `users` (`id`)) in C:\xampp\htdocs\my-dream\vendor\codeigniter4\framework\system\Database\MySQLi\Connection.php:314
Stack trace:
#0 C:\xampp\htdocs\my-dream\vendor\codeigniter4\framework\system\Database\MySQLi\Connection.php(314): mysqli->query('INSERT INTO `ca...')
#1 C:\xampp\htdocs\my-dream\vendor\codeigniter4\framework\system\Database\BaseConnection.php(713): CodeIgniter\Database\MySQLi\Connection->execute('INSERT INTO `ca...')
#2 C:\xampp\htdocs\my-dream\vendor\codeigniter4\framework\system\Database\BaseConnection.php(641): CodeIgniter\Database\BaseConnection->simpleQuery('INSERT INTO `ca...')
#3 C:\xampp\htdocs\my-dream\vendor\codeigniter4\framework\system\Database\BaseBuilder.php(2263): CodeIgniter\Database\BaseConnection->query('INSERT INTO `ca...', Array, false)
#4 C:\xampp\htdocs\my-dream\vendor\codeigniter4\framework\system\Model.php(278): CodeIgniter\Database\BaseBuilder->insert()
#5 C:\xampp\htdocs\my-dream\vendor\codeigniter4\framework\system\BaseModel.php(758): CodeIgniter\Model->doInsert(Array)
#6 C:\xampp\htdocs\my-dream\vendor\codeigniter4\framework\system\Model.php(705): CodeIgniter\BaseModel->insert(Array, false)
#7 C:\xampp\htdocs\my-dream\vendor\codeigniter4\framework\system\BaseModel.php(667): CodeIgniter\Model->insert(Array, false)
#8 C:\xampp\htdocs\my-dream\app\Controllers\Products.php(29): CodeIgniter\BaseModel->save(Array)
#9 C:\xampp\htdocs\my-dream\vendor\codeigniter4\framework\system\CodeIgniter.php(936): App\Controllers\Products->addCategories()
#10 C:\xampp\htdocs\my-dream\vendor\codeigniter4\framework\system\CodeIgniter.php(432): CodeIgniter\CodeIgniter->runController(Object(App\Controllers\Products))
#11 C:\xampp\htdocs\my-dream\vendor\codeigniter4\framework\system\CodeIgniter.php(333): CodeIgniter\CodeIgniter->handleRequest(NULL, Object(Config\Cache), false)
#12 C:\xampp\htdocs\my-dream\public\index.php(44): CodeIgniter\CodeIgniter->run()
#13 C:\xampp\htdocs\my-dream\vendor\codeigniter4\framework\system\Commands\Server\rewrite.php(45): require_once('C:\\xampp\\htdocs...')
#14 {main}
CRITICAL - 2021-02-28 07:02:55 --> Cannot add or update a child row: a foreign key constraint fails (`my_dream`.`categories`, CONSTRAINT `categories_user_id_foreign` FOREIGN KEY (`user_id`) REFERENCES `users` (`id`))
#0 C:\xampp\htdocs\my-dream\vendor\codeigniter4\framework\system\Database\MySQLi\Connection.php(314): mysqli->query('INSERT INTO `ca...')
#1 C:\xampp\htdocs\my-dream\vendor\codeigniter4\framework\system\Database\BaseConnection.php(713): CodeIgniter\Database\MySQLi\Connection->execute('INSERT INTO `ca...')
#2 C:\xampp\htdocs\my-dream\vendor\codeigniter4\framework\system\Database\BaseConnection.php(641): CodeIgniter\Database\BaseConnection->simpleQuery('INSERT INTO `ca...')
#3 C:\xampp\htdocs\my-dream\vendor\codeigniter4\framework\system\Database\BaseBuilder.php(2263): CodeIgniter\Database\BaseConnection->query('INSERT INTO `ca...', Array, false)
#4 C:\xampp\htdocs\my-dream\vendor\codeigniter4\framework\system\Model.php(278): CodeIgniter\Database\BaseBuilder->insert()
#5 C:\xampp\htdocs\my-dream\vendor\codeigniter4\framework\system\BaseModel.php(758): CodeIgniter\Model->doInsert(Array)
#6 C:\xampp\htdocs\my-dream\vendor\codeigniter4\framework\system\Model.php(705): CodeIgniter\BaseModel->insert(Array, false)
#7 C:\xampp\htdocs\my-dream\vendor\codeigniter4\framework\system\BaseModel.php(667): CodeIgniter\Model->insert(Array, false)
#8 C:\xampp\htdocs\my-dream\app\Controllers\Products.php(29): CodeIgniter\BaseModel->save(Array)
#9 C:\xampp\htdocs\my-dream\vendor\codeigniter4\framework\system\CodeIgniter.php(936): App\Controllers\Products->addCategories()
#10 C:\xampp\htdocs\my-dream\vendor\codeigniter4\framework\system\CodeIgniter.php(432): CodeIgniter\CodeIgniter->runController(Object(App\Controllers\Products))
#11 C:\xampp\htdocs\my-dream\vendor\codeigniter4\framework\system\CodeIgniter.php(333): CodeIgniter\CodeIgniter->handleRequest(NULL, Object(Config\Cache), false)
#12 C:\xampp\htdocs\my-dream\public\index.php(44): CodeIgniter\CodeIgniter->run()
#13 C:\xampp\htdocs\my-dream\vendor\codeigniter4\framework\system\Commands\Server\rewrite.php(45): require_once('C:\\xampp\\htdocs...')
#14 {main}
ERROR - 2021-02-28 07:03:37 --> mysqli_sql_exception: Cannot add or update a child row: a foreign key constraint fails (`my_dream`.`categories`, CONSTRAINT `categories_user_id_foreign` FOREIGN KEY (`user_id`) REFERENCES `users` (`id`) ON DELETE CASCADE ON UPDATE CASCADE) in C:\xampp\htdocs\my-dream\vendor\codeigniter4\framework\system\Database\MySQLi\Connection.php:314
Stack trace:
#0 C:\xampp\htdocs\my-dream\vendor\codeigniter4\framework\system\Database\MySQLi\Connection.php(314): mysqli->query('INSERT INTO `ca...')
#1 C:\xampp\htdocs\my-dream\vendor\codeigniter4\framework\system\Database\BaseConnection.php(713): CodeIgniter\Database\MySQLi\Connection->execute('INSERT INTO `ca...')
#2 C:\xampp\htdocs\my-dream\vendor\codeigniter4\framework\system\Database\BaseConnection.php(641): CodeIgniter\Database\BaseConnection->simpleQuery('INSERT INTO `ca...')
#3 C:\xampp\htdocs\my-dream\vendor\codeigniter4\framework\system\Database\BaseBuilder.php(2263): CodeIgniter\Database\BaseConnection->query('INSERT INTO `ca...', Array, false)
#4 C:\xampp\htdocs\my-dream\vendor\codeigniter4\framework\system\Model.php(278): CodeIgniter\Database\BaseBuilder->insert()
#5 C:\xampp\htdocs\my-dream\vendor\codeigniter4\framework\system\BaseModel.php(758): CodeIgniter\Model->doInsert(Array)
#6 C:\xampp\htdocs\my-dream\vendor\codeigniter4\framework\system\Model.php(705): CodeIgniter\BaseModel->insert(Array, false)
#7 C:\xampp\htdocs\my-dream\vendor\codeigniter4\framework\system\BaseModel.php(667): CodeIgniter\Model->insert(Array, false)
#8 C:\xampp\htdocs\my-dream\app\Controllers\Products.php(29): CodeIgniter\BaseModel->save(Array)
#9 C:\xampp\htdocs\my-dream\vendor\codeigniter4\framework\system\CodeIgniter.php(936): App\Controllers\Products->addCategories()
#10 C:\xampp\htdocs\my-dream\vendor\codeigniter4\framework\system\CodeIgniter.php(432): CodeIgniter\CodeIgniter->runController(Object(App\Controllers\Products))
#11 C:\xampp\htdocs\my-dream\vendor\codeigniter4\framework\system\CodeIgniter.php(333): CodeIgniter\CodeIgniter->handleRequest(NULL, Object(Config\Cache), false)
#12 C:\xampp\htdocs\my-dream\public\index.php(44): CodeIgniter\CodeIgniter->run()
#13 C:\xampp\htdocs\my-dream\vendor\codeigniter4\framework\system\Commands\Server\rewrite.php(45): require_once('C:\\xampp\\htdocs...')
#14 {main}
CRITICAL - 2021-02-28 07:03:37 --> Cannot add or update a child row: a foreign key constraint fails (`my_dream`.`categories`, CONSTRAINT `categories_user_id_foreign` FOREIGN KEY (`user_id`) REFERENCES `users` (`id`) ON DELETE CASCADE ON UPDATE CASCADE)
#0 C:\xampp\htdocs\my-dream\vendor\codeigniter4\framework\system\Database\MySQLi\Connection.php(314): mysqli->query('INSERT INTO `ca...')
#1 C:\xampp\htdocs\my-dream\vendor\codeigniter4\framework\system\Database\BaseConnection.php(713): CodeIgniter\Database\MySQLi\Connection->execute('INSERT INTO `ca...')
#2 C:\xampp\htdocs\my-dream\vendor\codeigniter4\framework\system\Database\BaseConnection.php(641): CodeIgniter\Database\BaseConnection->simpleQuery('INSERT INTO `ca...')
#3 C:\xampp\htdocs\my-dream\vendor\codeigniter4\framework\system\Database\BaseBuilder.php(2263): CodeIgniter\Database\BaseConnection->query('INSERT INTO `ca...', Array, false)
#4 C:\xampp\htdocs\my-dream\vendor\codeigniter4\framework\system\Model.php(278): CodeIgniter\Database\BaseBuilder->insert()
#5 C:\xampp\htdocs\my-dream\vendor\codeigniter4\framework\system\BaseModel.php(758): CodeIgniter\Model->doInsert(Array)
#6 C:\xampp\htdocs\my-dream\vendor\codeigniter4\framework\system\Model.php(705): CodeIgniter\BaseModel->insert(Array, false)
#7 C:\xampp\htdocs\my-dream\vendor\codeigniter4\framework\system\BaseModel.php(667): CodeIgniter\Model->insert(Array, false)
#8 C:\xampp\htdocs\my-dream\app\Controllers\Products.php(29): CodeIgniter\BaseModel->save(Array)
#9 C:\xampp\htdocs\my-dream\vendor\codeigniter4\framework\system\CodeIgniter.php(936): App\Controllers\Products->addCategories()
#10 C:\xampp\htdocs\my-dream\vendor\codeigniter4\framework\system\CodeIgniter.php(432): CodeIgniter\CodeIgniter->runController(Object(App\Controllers\Products))
#11 C:\xampp\htdocs\my-dream\vendor\codeigniter4\framework\system\CodeIgniter.php(333): CodeIgniter\CodeIgniter->handleRequest(NULL, Object(Config\Cache), false)
#12 C:\xampp\htdocs\my-dream\public\index.php(44): CodeIgniter\CodeIgniter->run()
#13 C:\xampp\htdocs\my-dream\vendor\codeigniter4\framework\system\Commands\Server\rewrite.php(45): require_once('C:\\xampp\\htdocs...')
#14 {main}
ERROR - 2021-02-28 07:10:53 --> mysqli_sql_exception: Invalid default value for 'created_at' in C:\xampp\htdocs\my-dream\vendor\codeigniter4\framework\system\Database\MySQLi\Connection.php:314
Stack trace:
#0 C:\xampp\htdocs\my-dream\vendor\codeigniter4\framework\system\Database\MySQLi\Connection.php(314): mysqli->query('CREATE TABLE `c...')
#1 C:\xampp\htdocs\my-dream\vendor\codeigniter4\framework\system\Database\BaseConnection.php(713): CodeIgniter\Database\MySQLi\Connection->execute('CREATE TABLE `c...')
#2 C:\xampp\htdocs\my-dream\vendor\codeigniter4\framework\system\Database\BaseConnection.php(641): CodeIgniter\Database\BaseConnection->simpleQuery('CREATE TABLE `c...')
#3 C:\xampp\htdocs\my-dream\vendor\codeigniter4\framework\system\Database\Forge.php(525): CodeIgniter\Database\BaseConnection->query('CREATE TABLE `c...')
#4 C:\xampp\htdocs\my-dream\app\Database\Migrations\20210227113020_install_products.php(91): CodeIgniter\Database\Forge->createTable('categories')
#5 C:\xampp\htdocs\my-dream\vendor\codeigniter4\framework\system\Database\MigrationRunner.php(1057): App\Database\Migrations\Migration_Install_products->up()
#6 C:\xampp\htdocs\my-dream\vendor\codeigniter4\framework\system\Database\MigrationRunner.php(202): CodeIgniter\Database\MigrationRunner->migrate('up', Object(stdClass))
#7 C:\xampp\htdocs\my-dream\app\Controllers\Migrate.php(11): CodeIgniter\Database\MigrationRunner->latest()
#8 C:\xampp\htdocs\my-dream\vendor\codeigniter4\framework\system\CodeIgniter.php(936): App\Controllers\Migrate->index()
#9 C:\xampp\htdocs\my-dream\vendor\codeigniter4\framework\system\CodeIgniter.php(432): CodeIgniter\CodeIgniter->runController(Object(App\Controllers\Migrate))
#10 C:\xampp\htdocs\my-dream\vendor\codeigniter4\framework\system\CodeIgniter.php(333): CodeIgniter\CodeIgniter->handleRequest(NULL, Object(Config\Cache), false)
#11 C:\xampp\htdocs\my-dream\public\index.php(44): CodeIgniter\CodeIgniter->run()
#12 C:\xampp\htdocs\my-dream\vendor\codeigniter4\framework\system\Commands\Server\rewrite.php(45): require_once('C:\\xampp\\htdocs...')
#13 {main}
CRITICAL - 2021-02-28 07:10:53 --> Invalid default value for 'created_at'
#0 C:\xampp\htdocs\my-dream\vendor\codeigniter4\framework\system\Database\MySQLi\Connection.php(314): mysqli->query('CREATE TABLE `c...')
#1 C:\xampp\htdocs\my-dream\vendor\codeigniter4\framework\system\Database\BaseConnection.php(713): CodeIgniter\Database\MySQLi\Connection->execute('CREATE TABLE `c...')
#2 C:\xampp\htdocs\my-dream\vendor\codeigniter4\framework\system\Database\BaseConnection.php(641): CodeIgniter\Database\BaseConnection->simpleQuery('CREATE TABLE `c...')
#3 C:\xampp\htdocs\my-dream\vendor\codeigniter4\framework\system\Database\Forge.php(525): CodeIgniter\Database\BaseConnection->query('CREATE TABLE `c...')
#4 C:\xampp\htdocs\my-dream\app\Database\Migrations\20210227113020_install_products.php(91): CodeIgniter\Database\Forge->createTable('categories')
#5 C:\xampp\htdocs\my-dream\vendor\codeigniter4\framework\system\Database\MigrationRunner.php(1057): App\Database\Migrations\Migration_Install_products->up()
#6 C:\xampp\htdocs\my-dream\vendor\codeigniter4\framework\system\Database\MigrationRunner.php(202): CodeIgniter\Database\MigrationRunner->migrate('up', Object(stdClass))
#7 C:\xampp\htdocs\my-dream\app\Controllers\Migrate.php(11): CodeIgniter\Database\MigrationRunner->latest()
#8 C:\xampp\htdocs\my-dream\vendor\codeigniter4\framework\system\CodeIgniter.php(936): App\Controllers\Migrate->index()
#9 C:\xampp\htdocs\my-dream\vendor\codeigniter4\framework\system\CodeIgniter.php(432): CodeIgniter\CodeIgniter->runController(Object(App\Controllers\Migrate))
#10 C:\xampp\htdocs\my-dream\vendor\codeigniter4\framework\system\CodeIgniter.php(333): CodeIgniter\CodeIgniter->handleRequest(NULL, Object(Config\Cache), false)
#11 C:\xampp\htdocs\my-dream\public\index.php(44): CodeIgniter\CodeIgniter->run()
#12 C:\xampp\htdocs\my-dream\vendor\codeigniter4\framework\system\Commands\Server\rewrite.php(45): require_once('C:\\xampp\\htdocs...')
#13 {main}
ERROR - 2021-02-28 07:14:57 --> mysqli_sql_exception: Invalid default value for 'created_at' in C:\xampp\htdocs\my-dream\vendor\codeigniter4\framework\system\Database\MySQLi\Connection.php:314
Stack trace:
#0 C:\xampp\htdocs\my-dream\vendor\codeigniter4\framework\system\Database\MySQLi\Connection.php(314): mysqli->query('CREATE TABLE `c...')
#1 C:\xampp\htdocs\my-dream\vendor\codeigniter4\framework\system\Database\BaseConnection.php(713): CodeIgniter\Database\MySQLi\Connection->execute('CREATE TABLE `c...')
#2 C:\xampp\htdocs\my-dream\vendor\codeigniter4\framework\system\Database\BaseConnection.php(641): CodeIgniter\Database\BaseConnection->simpleQuery('CREATE TABLE `c...')
#3 C:\xampp\htdocs\my-dream\vendor\codeigniter4\framework\system\Database\Forge.php(525): CodeIgniter\Database\BaseConnection->query('CREATE TABLE `c...')
#4 C:\xampp\htdocs\my-dream\app\Database\Migrations\20210227113020_install_products.php(91): CodeIgniter\Database\Forge->createTable('categories')
#5 C:\xampp\htdocs\my-dream\vendor\codeigniter4\framework\system\Database\MigrationRunner.php(1057): App\Database\Migrations\Migration_Install_products->up()
#6 C:\xampp\htdocs\my-dream\vendor\codeigniter4\framework\system\Database\MigrationRunner.php(202): CodeIgniter\Database\MigrationRunner->migrate('up', Object(stdClass))
#7 C:\xampp\htdocs\my-dream\app\Controllers\Migrate.php(11): CodeIgniter\Database\MigrationRunner->latest()
#8 C:\xampp\htdocs\my-dream\vendor\codeigniter4\framework\system\CodeIgniter.php(936): App\Controllers\Migrate->index()
#9 C:\xampp\htdocs\my-dream\vendor\codeigniter4\framework\system\CodeIgniter.php(432): CodeIgniter\CodeIgniter->runController(Object(App\Controllers\Migrate))
#10 C:\xampp\htdocs\my-dream\vendor\codeigniter4\framework\system\CodeIgniter.php(333): CodeIgniter\CodeIgniter->handleRequest(NULL, Object(Config\Cache), false)
#11 C:\xampp\htdocs\my-dream\public\index.php(44): CodeIgniter\CodeIgniter->run()
#12 C:\xampp\htdocs\my-dream\vendor\codeigniter4\framework\system\Commands\Server\rewrite.php(45): require_once('C:\\xampp\\htdocs...')
#13 {main}
CRITICAL - 2021-02-28 07:14:57 --> Invalid default value for 'created_at'
#0 C:\xampp\htdocs\my-dream\vendor\codeigniter4\framework\system\Database\MySQLi\Connection.php(314): mysqli->query('CREATE TABLE `c...')
#1 C:\xampp\htdocs\my-dream\vendor\codeigniter4\framework\system\Database\BaseConnection.php(713): CodeIgniter\Database\MySQLi\Connection->execute('CREATE TABLE `c...')
#2 C:\xampp\htdocs\my-dream\vendor\codeigniter4\framework\system\Database\BaseConnection.php(641): CodeIgniter\Database\BaseConnection->simpleQuery('CREATE TABLE `c...')
#3 C:\xampp\htdocs\my-dream\vendor\codeigniter4\framework\system\Database\Forge.php(525): CodeIgniter\Database\BaseConnection->query('CREATE TABLE `c...')
#4 C:\xampp\htdocs\my-dream\app\Database\Migrations\20210227113020_install_products.php(91): CodeIgniter\Database\Forge->createTable('categories')
#5 C:\xampp\htdocs\my-dream\vendor\codeigniter4\framework\system\Database\MigrationRunner.php(1057): App\Database\Migrations\Migration_Install_products->up()
#6 C:\xampp\htdocs\my-dream\vendor\codeigniter4\framework\system\Database\MigrationRunner.php(202): CodeIgniter\Database\MigrationRunner->migrate('up', Object(stdClass))
#7 C:\xampp\htdocs\my-dream\app\Controllers\Migrate.php(11): CodeIgniter\Database\MigrationRunner->latest()
#8 C:\xampp\htdocs\my-dream\vendor\codeigniter4\framework\system\CodeIgniter.php(936): App\Controllers\Migrate->index()
#9 C:\xampp\htdocs\my-dream\vendor\codeigniter4\framework\system\CodeIgniter.php(432): CodeIgniter\CodeIgniter->runController(Object(App\Controllers\Migrate))
#10 C:\xampp\htdocs\my-dream\vendor\codeigniter4\framework\system\CodeIgniter.php(333): CodeIgniter\CodeIgniter->handleRequest(NULL, Object(Config\Cache), false)
#11 C:\xampp\htdocs\my-dream\public\index.php(44): CodeIgniter\CodeIgniter->run()
#12 C:\xampp\htdocs\my-dream\vendor\codeigniter4\framework\system\Commands\Server\rewrite.php(45): require_once('C:\\xampp\\htdocs...')
#13 {main}
ERROR - 2021-02-28 07:15:26 --> mysqli_sql_exception: Invalid default value for 'created_at' in C:\xampp\htdocs\my-dream\vendor\codeigniter4\framework\system\Database\MySQLi\Connection.php:314
Stack trace:
#0 C:\xampp\htdocs\my-dream\vendor\codeigniter4\framework\system\Database\MySQLi\Connection.php(314): mysqli->query('CREATE TABLE `c...')
#1 C:\xampp\htdocs\my-dream\vendor\codeigniter4\framework\system\Database\BaseConnection.php(713): CodeIgniter\Database\MySQLi\Connection->execute('CREATE TABLE `c...')
#2 C:\xampp\htdocs\my-dream\vendor\codeigniter4\framework\system\Database\BaseConnection.php(641): CodeIgniter\Database\BaseConnection->simpleQuery('CREATE TABLE `c...')
#3 C:\xampp\htdocs\my-dream\vendor\codeigniter4\framework\system\Database\Forge.php(525): CodeIgniter\Database\BaseConnection->query('CREATE TABLE `c...')
#4 C:\xampp\htdocs\my-dream\app\Database\Migrations\20210227113020_install_products.php(88): CodeIgniter\Database\Forge->createTable('categories')
#5 C:\xampp\htdocs\my-dream\vendor\codeigniter4\framework\system\Database\MigrationRunner.php(1057): App\Database\Migrations\Migration_Install_products->up()
#6 C:\xampp\htdocs\my-dream\vendor\codeigniter4\framework\system\Database\MigrationRunner.php(202): CodeIgniter\Database\MigrationRunner->migrate('up', Object(stdClass))
#7 C:\xampp\htdocs\my-dream\app\Controllers\Migrate.php(11): CodeIgniter\Database\MigrationRunner->latest()
#8 C:\xampp\htdocs\my-dream\vendor\codeigniter4\framework\system\CodeIgniter.php(936): App\Controllers\Migrate->index()
#9 C:\xampp\htdocs\my-dream\vendor\codeigniter4\framework\system\CodeIgniter.php(432): CodeIgniter\CodeIgniter->runController(Object(App\Controllers\Migrate))
#10 C:\xampp\htdocs\my-dream\vendor\codeigniter4\framework\system\CodeIgniter.php(333): CodeIgniter\CodeIgniter->handleRequest(NULL, Object(Config\Cache), false)
#11 C:\xampp\htdocs\my-dream\public\index.php(44): CodeIgniter\CodeIgniter->run()
#12 C:\xampp\htdocs\my-dream\vendor\codeigniter4\framework\system\Commands\Server\rewrite.php(45): require_once('C:\\xampp\\htdocs...')
#13 {main}
CRITICAL - 2021-02-28 07:15:26 --> Invalid default value for 'created_at'
#0 C:\xampp\htdocs\my-dream\vendor\codeigniter4\framework\system\Database\MySQLi\Connection.php(314): mysqli->query('CREATE TABLE `c...')
#1 C:\xampp\htdocs\my-dream\vendor\codeigniter4\framework\system\Database\BaseConnection.php(713): CodeIgniter\Database\MySQLi\Connection->execute('CREATE TABLE `c...')
#2 C:\xampp\htdocs\my-dream\vendor\codeigniter4\framework\system\Database\BaseConnection.php(641): CodeIgniter\Database\BaseConnection->simpleQuery('CREATE TABLE `c...')
#3 C:\xampp\htdocs\my-dream\vendor\codeigniter4\framework\system\Database\Forge.php(525): CodeIgniter\Database\BaseConnection->query('CREATE TABLE `c...')
#4 C:\xampp\htdocs\my-dream\app\Database\Migrations\20210227113020_install_products.php(88): CodeIgniter\Database\Forge->createTable('categories')
#5 C:\xampp\htdocs\my-dream\vendor\codeigniter4\framework\system\Database\MigrationRunner.php(1057): App\Database\Migrations\Migration_Install_products->up()
#6 C:\xampp\htdocs\my-dream\vendor\codeigniter4\framework\system\Database\MigrationRunner.php(202): CodeIgniter\Database\MigrationRunner->migrate('up', Object(stdClass))
#7 C:\xampp\htdocs\my-dream\app\Controllers\Migrate.php(11): CodeIgniter\Database\MigrationRunner->latest()
#8 C:\xampp\htdocs\my-dream\vendor\codeigniter4\framework\system\CodeIgniter.php(936): App\Controllers\Migrate->index()
#9 C:\xampp\htdocs\my-dream\vendor\codeigniter4\framework\system\CodeIgniter.php(432): CodeIgniter\CodeIgniter->runController(Object(App\Controllers\Migrate))
#10 C:\xampp\htdocs\my-dream\vendor\codeigniter4\framework\system\CodeIgniter.php(333): CodeIgniter\CodeIgniter->handleRequest(NULL, Object(Config\Cache), false)
#11 C:\xampp\htdocs\my-dream\public\index.php(44): CodeIgniter\CodeIgniter->run()
#12 C:\xampp\htdocs\my-dream\vendor\codeigniter4\framework\system\Commands\Server\rewrite.php(45): require_once('C:\\xampp\\htdocs...')
#13 {main}
