ERROR - 2021-04-11 01:00:41 --> mysqli_sql_exception: Table 'my_dream.addresses' doesn't exist in D:\My Dream\My-Dream Project\my-dreams\vendor\codeigniter4\framework\system\Database\MySQLi\Connection.php:314
Stack trace:
#0 D:\My Dream\My-Dream Project\my-dreams\vendor\codeigniter4\framework\system\Database\MySQLi\Connection.php(314): mysqli->query('SELECT *\nFROM `...')
#1 D:\My Dream\My-Dream Project\my-dreams\vendor\codeigniter4\framework\system\Database\BaseConnection.php(713): CodeIgniter\Database\MySQLi\Connection->execute('SELECT *\nFROM `...')
#2 D:\My Dream\My-Dream Project\my-dreams\vendor\codeigniter4\framework\system\Database\BaseConnection.php(641): CodeIgniter\Database\BaseConnection->simpleQuery('SELECT *\nFROM `...')
#3 D:\My Dream\My-Dream Project\my-dreams\vendor\codeigniter4\framework\system\Database\BaseBuilder.php(1866): CodeIgniter\Database\BaseConnection->query('SELECT *\nFROM `...', Array, false)
#4 D:\My Dream\My-Dream Project\my-dreams\vendor\codeigniter4\framework\system\Model.php(213): CodeIgniter\Database\BaseBuilder->get()
#5 D:\My Dream\My-Dream Project\my-dreams\vendor\codeigniter4\framework\system\BaseModel.php(583): CodeIgniter\Model->doFindAll(0, 0)
#6 D:\My Dream\My-Dream Project\my-dreams\app\Controllers\Addresses.php(20): CodeIgniter\BaseModel->findAll()
#7 D:\My Dream\My-Dream Project\my-dreams\vendor\codeigniter4\framework\system\CodeIgniter.php(936): App\Controllers\Addresses->index()
#8 D:\My Dream\My-Dream Project\my-dreams\vendor\codeigniter4\framework\system\CodeIgniter.php(432): CodeIgniter\CodeIgniter->runController(Object(App\Controllers\Addresses))
#9 D:\My Dream\My-Dream Project\my-dreams\vendor\codeigniter4\framework\system\CodeIgniter.php(333): CodeIgniter\CodeIgniter->handleRequest(NULL, Object(Config\Cache), false)
#10 D:\My Dream\My-Dream Project\my-dreams\public\index.php(44): CodeIgniter\CodeIgniter->run()
#11 D:\My Dream\My-Dream Project\my-dreams\vendor\codeigniter4\framework\system\Commands\Server\rewrite.php(45): require_once('D:\\My Dream\\My-...')
#12 {main}
CRITICAL - 2021-04-11 01:00:41 --> Table 'my_dream.addresses' doesn't exist
#0 D:\My Dream\My-Dream Project\my-dreams\vendor\codeigniter4\framework\system\Database\MySQLi\Connection.php(314): mysqli->query('SELECT *\nFROM `...')
#1 D:\My Dream\My-Dream Project\my-dreams\vendor\codeigniter4\framework\system\Database\BaseConnection.php(713): CodeIgniter\Database\MySQLi\Connection->execute('SELECT *\nFROM `...')
#2 D:\My Dream\My-Dream Project\my-dreams\vendor\codeigniter4\framework\system\Database\BaseConnection.php(641): CodeIgniter\Database\BaseConnection->simpleQuery('SELECT *\nFROM `...')
#3 D:\My Dream\My-Dream Project\my-dreams\vendor\codeigniter4\framework\system\Database\BaseBuilder.php(1866): CodeIgniter\Database\BaseConnection->query('SELECT *\nFROM `...', Array, false)
#4 D:\My Dream\My-Dream Project\my-dreams\vendor\codeigniter4\framework\system\Model.php(213): CodeIgniter\Database\BaseBuilder->get()
#5 D:\My Dream\My-Dream Project\my-dreams\vendor\codeigniter4\framework\system\BaseModel.php(583): CodeIgniter\Model->doFindAll(0, 0)
#6 D:\My Dream\My-Dream Project\my-dreams\app\Controllers\Addresses.php(20): CodeIgniter\BaseModel->findAll()
#7 D:\My Dream\My-Dream Project\my-dreams\vendor\codeigniter4\framework\system\CodeIgniter.php(936): App\Controllers\Addresses->index()
#8 D:\My Dream\My-Dream Project\my-dreams\vendor\codeigniter4\framework\system\CodeIgniter.php(432): CodeIgniter\CodeIgniter->runController(Object(App\Controllers\Addresses))
#9 D:\My Dream\My-Dream Project\my-dreams\vendor\codeigniter4\framework\system\CodeIgniter.php(333): CodeIgniter\CodeIgniter->handleRequest(NULL, Object(Config\Cache), false)
#10 D:\My Dream\My-Dream Project\my-dreams\public\index.php(44): CodeIgniter\CodeIgniter->run()
#11 D:\My Dream\My-Dream Project\my-dreams\vendor\codeigniter4\framework\system\Commands\Server\rewrite.php(45): require_once('D:\\My Dream\\My-...')
#12 {main}
ERROR - 2021-04-11 01:00:43 --> mysqli_sql_exception: Table 'my_dream.addresses' doesn't exist in D:\My Dream\My-Dream Project\my-dreams\vendor\codeigniter4\framework\system\Database\MySQLi\Connection.php:314
Stack trace:
#0 D:\My Dream\My-Dream Project\my-dreams\vendor\codeigniter4\framework\system\Database\MySQLi\Connection.php(314): mysqli->query('SELECT *\nFROM `...')
#1 D:\My Dream\My-Dream Project\my-dreams\vendor\codeigniter4\framework\system\Database\BaseConnection.php(713): CodeIgniter\Database\MySQLi\Connection->execute('SELECT *\nFROM `...')
#2 D:\My Dream\My-Dream Project\my-dreams\vendor\codeigniter4\framework\system\Database\BaseConnection.php(641): CodeIgniter\Database\BaseConnection->simpleQuery('SELECT *\nFROM `...')
#3 D:\My Dream\My-Dream Project\my-dreams\vendor\codeigniter4\framework\system\Database\BaseBuilder.php(1866): CodeIgniter\Database\BaseConnection->query('SELECT *\nFROM `...', Array, false)
#4 D:\My Dream\My-Dream Project\my-dreams\vendor\codeigniter4\framework\system\Model.php(213): CodeIgniter\Database\BaseBuilder->get()
#5 D:\My Dream\My-Dream Project\my-dreams\vendor\codeigniter4\framework\system\BaseModel.php(583): CodeIgniter\Model->doFindAll(0, 0)
#6 D:\My Dream\My-Dream Project\my-dreams\app\Controllers\Addresses.php(20): CodeIgniter\BaseModel->findAll()
#7 D:\My Dream\My-Dream Project\my-dreams\vendor\codeigniter4\framework\system\CodeIgniter.php(936): App\Controllers\Addresses->index()
#8 D:\My Dream\My-Dream Project\my-dreams\vendor\codeigniter4\framework\system\CodeIgniter.php(432): CodeIgniter\CodeIgniter->runController(Object(App\Controllers\Addresses))
#9 D:\My Dream\My-Dream Project\my-dreams\vendor\codeigniter4\framework\system\CodeIgniter.php(333): CodeIgniter\CodeIgniter->handleRequest(NULL, Object(Config\Cache), false)
#10 D:\My Dream\My-Dream Project\my-dreams\public\index.php(44): CodeIgniter\CodeIgniter->run()
#11 D:\My Dream\My-Dream Project\my-dreams\vendor\codeigniter4\framework\system\Commands\Server\rewrite.php(45): require_once('D:\\My Dream\\My-...')
#12 {main}
CRITICAL - 2021-04-11 01:00:43 --> Table 'my_dream.addresses' doesn't exist
#0 D:\My Dream\My-Dream Project\my-dreams\vendor\codeigniter4\framework\system\Database\MySQLi\Connection.php(314): mysqli->query('SELECT *\nFROM `...')
#1 D:\My Dream\My-Dream Project\my-dreams\vendor\codeigniter4\framework\system\Database\BaseConnection.php(713): CodeIgniter\Database\MySQLi\Connection->execute('SELECT *\nFROM `...')
#2 D:\My Dream\My-Dream Project\my-dreams\vendor\codeigniter4\framework\system\Database\BaseConnection.php(641): CodeIgniter\Database\BaseConnection->simpleQuery('SELECT *\nFROM `...')
#3 D:\My Dream\My-Dream Project\my-dreams\vendor\codeigniter4\framework\system\Database\BaseBuilder.php(1866): CodeIgniter\Database\BaseConnection->query('SELECT *\nFROM `...', Array, false)
#4 D:\My Dream\My-Dream Project\my-dreams\vendor\codeigniter4\framework\system\Model.php(213): CodeIgniter\Database\BaseBuilder->get()
#5 D:\My Dream\My-Dream Project\my-dreams\vendor\codeigniter4\framework\system\BaseModel.php(583): CodeIgniter\Model->doFindAll(0, 0)
#6 D:\My Dream\My-Dream Project\my-dreams\app\Controllers\Addresses.php(20): CodeIgniter\BaseModel->findAll()
#7 D:\My Dream\My-Dream Project\my-dreams\vendor\codeigniter4\framework\system\CodeIgniter.php(936): App\Controllers\Addresses->index()
#8 D:\My Dream\My-Dream Project\my-dreams\vendor\codeigniter4\framework\system\CodeIgniter.php(432): CodeIgniter\CodeIgniter->runController(Object(App\Controllers\Addresses))
#9 D:\My Dream\My-Dream Project\my-dreams\vendor\codeigniter4\framework\system\CodeIgniter.php(333): CodeIgniter\CodeIgniter->handleRequest(NULL, Object(Config\Cache), false)
#10 D:\My Dream\My-Dream Project\my-dreams\public\index.php(44): CodeIgniter\CodeIgniter->run()
#11 D:\My Dream\My-Dream Project\my-dreams\vendor\codeigniter4\framework\system\Commands\Server\rewrite.php(45): require_once('D:\\My Dream\\My-...')
#12 {main}
