ERROR - 2021-05-06 04:35:04 --> Error connecting to the database: No connection could be made because the target machine actively refused it.

CRITICAL - 2021-05-06 04:35:04 --> Unable to connect to the database.
#0 D:\My Dream\My-Dream Project\OVS\vendor\codeigniter4\framework\system\Database\BaseConnection.php(618): CodeIgniter\Database\BaseConnection->initialize()
#1 D:\My Dream\My-Dream Project\OVS\vendor\codeigniter4\framework\system\Database\BaseBuilder.php(1866): CodeIgniter\Database\BaseConnection->query('SELECT `users`....', Array, false)
#2 D:\My Dream\My-Dream Project\OVS\app\Models\IonAuthModel.php(1496): CodeIgniter\Database\BaseBuilder->get()
#3 D:\My Dream\My-Dream Project\OVS\app\Models\IonAuthModel.php(1520): App\Models\IonAuthModel->users()
#4 [internal function]: App\Models\IonAuthModel->user()
#5 D:\My Dream\My-Dream Project\OVS\app\Libraries\IonAuth.php(104): call_user_func_array(Array, Array)
#6 D:\My Dream\My-Dream Project\OVS\app\Controllers\BaseController.php(64): App\Libraries\IonAuth->__call('user', Array)
#7 D:\My Dream\My-Dream Project\OVS\vendor\codeigniter4\framework\system\CodeIgniter.php(909): App\Controllers\BaseController->initController(Object(CodeIgniter\HTTP\IncomingRequest), Object(CodeIgniter\HTTP\Response), Object(CodeIgniter\Log\Logger))
#8 D:\My Dream\My-Dream Project\OVS\vendor\codeigniter4\framework\system\CodeIgniter.php(422): CodeIgniter\CodeIgniter->createController()
#9 D:\My Dream\My-Dream Project\OVS\vendor\codeigniter4\framework\system\CodeIgniter.php(333): CodeIgniter\CodeIgniter->handleRequest(NULL, Object(Config\Cache), false)
#10 D:\My Dream\My-Dream Project\OVS\public\index.php(44): CodeIgniter\CodeIgniter->run()
#11 D:\My Dream\My-Dream Project\OVS\vendor\codeigniter4\framework\system\Commands\Server\rewrite.php(45): require_once('D:\\My Dream\\My-...')
#12 {main}
CRITICAL - 2021-05-06 04:59:24 --> unlink(/): Is a directory
#0 [internal function]: CodeIgniter\Debug\Exceptions->errorHandler(2, 'unlink(/): Is a...', 'D:\\My Dream\\My-...', 40, Array)
#1 D:\My Dream\My-Dream Project\OVS\app\Controllers\Members.php(40): unlink('/')
#2 D:\My Dream\My-Dream Project\OVS\vendor\codeigniter4\framework\system\CodeIgniter.php(936): App\Controllers\Members->addMembers()
#3 D:\My Dream\My-Dream Project\OVS\vendor\codeigniter4\framework\system\CodeIgniter.php(432): CodeIgniter\CodeIgniter->runController(Object(App\Controllers\Members))
#4 D:\My Dream\My-Dream Project\OVS\vendor\codeigniter4\framework\system\CodeIgniter.php(333): CodeIgniter\CodeIgniter->handleRequest(NULL, Object(Config\Cache), false)
#5 D:\My Dream\My-Dream Project\OVS\public\index.php(44): CodeIgniter\CodeIgniter->run()
#6 D:\My Dream\My-Dream Project\OVS\vendor\codeigniter4\framework\system\Commands\Server\rewrite.php(45): require_once('D:\\My Dream\\My-...')
#7 {main}
CRITICAL - 2021-05-06 05:01:01 --> unlink(/): Is a directory
#0 [internal function]: CodeIgniter\Debug\Exceptions->errorHandler(2, 'unlink(/): Is a...', 'D:\\My Dream\\My-...', 40, Array)
#1 D:\My Dream\My-Dream Project\OVS\app\Controllers\Members.php(40): unlink('/')
#2 D:\My Dream\My-Dream Project\OVS\vendor\codeigniter4\framework\system\CodeIgniter.php(936): App\Controllers\Members->addMembers()
#3 D:\My Dream\My-Dream Project\OVS\vendor\codeigniter4\framework\system\CodeIgniter.php(432): CodeIgniter\CodeIgniter->runController(Object(App\Controllers\Members))
#4 D:\My Dream\My-Dream Project\OVS\vendor\codeigniter4\framework\system\CodeIgniter.php(333): CodeIgniter\CodeIgniter->handleRequest(NULL, Object(Config\Cache), false)
#5 D:\My Dream\My-Dream Project\OVS\public\index.php(44): CodeIgniter\CodeIgniter->run()
#6 D:\My Dream\My-Dream Project\OVS\vendor\codeigniter4\framework\system\Commands\Server\rewrite.php(45): require_once('D:\\My Dream\\My-...')
#7 {main}
CRITICAL - 2021-05-06 05:04:09 --> unlink(/): Is a directory
#0 [internal function]: CodeIgniter\Debug\Exceptions->errorHandler(2, 'unlink(/): Is a...', 'D:\\My Dream\\My-...', 42, Array)
#1 D:\My Dream\My-Dream Project\OVS\app\Controllers\Members.php(42): unlink('/')
#2 D:\My Dream\My-Dream Project\OVS\vendor\codeigniter4\framework\system\CodeIgniter.php(936): App\Controllers\Members->addMembers()
#3 D:\My Dream\My-Dream Project\OVS\vendor\codeigniter4\framework\system\CodeIgniter.php(432): CodeIgniter\CodeIgniter->runController(Object(App\Controllers\Members))
#4 D:\My Dream\My-Dream Project\OVS\vendor\codeigniter4\framework\system\CodeIgniter.php(333): CodeIgniter\CodeIgniter->handleRequest(NULL, Object(Config\Cache), false)
#5 D:\My Dream\My-Dream Project\OVS\public\index.php(44): CodeIgniter\CodeIgniter->run()
#6 D:\My Dream\My-Dream Project\OVS\vendor\codeigniter4\framework\system\Commands\Server\rewrite.php(45): require_once('D:\\My Dream\\My-...')
#7 {main}
ERROR - 2021-05-06 05:05:08 --> mysqli_sql_exception: Cannot add or update a child row: a foreign key constraint fails (`ovs`.`members`, CONSTRAINT `members_election_id_foreign` FOREIGN KEY (`election_id`) REFERENCES `elections` (`id`) ON DELETE CASCADE ON UPDATE NO ACTION) in D:\My Dream\My-Dream Project\OVS\vendor\codeigniter4\framework\system\Database\MySQLi\Connection.php:314
Stack trace:
#0 D:\My Dream\My-Dream Project\OVS\vendor\codeigniter4\framework\system\Database\MySQLi\Connection.php(314): mysqli->query('INSERT INTO `me...')
#1 D:\My Dream\My-Dream Project\OVS\vendor\codeigniter4\framework\system\Database\BaseConnection.php(713): CodeIgniter\Database\MySQLi\Connection->execute('INSERT INTO `me...')
#2 D:\My Dream\My-Dream Project\OVS\vendor\codeigniter4\framework\system\Database\BaseConnection.php(641): CodeIgniter\Database\BaseConnection->simpleQuery('INSERT INTO `me...')
#3 D:\My Dream\My-Dream Project\OVS\vendor\codeigniter4\framework\system\Database\BaseBuilder.php(2263): CodeIgniter\Database\BaseConnection->query('INSERT INTO `me...', Array, false)
#4 D:\My Dream\My-Dream Project\OVS\vendor\codeigniter4\framework\system\Model.php(278): CodeIgniter\Database\BaseBuilder->insert()
#5 D:\My Dream\My-Dream Project\OVS\vendor\codeigniter4\framework\system\BaseModel.php(758): CodeIgniter\Model->doInsert(Array)
#6 D:\My Dream\My-Dream Project\OVS\vendor\codeigniter4\framework\system\Model.php(705): CodeIgniter\BaseModel->insert(Array, false)
#7 D:\My Dream\My-Dream Project\OVS\vendor\codeigniter4\framework\system\BaseModel.php(667): CodeIgniter\Model->insert(Object(App\Entities\Member), false)
#8 D:\My Dream\My-Dream Project\OVS\app\Controllers\Members.php(59): CodeIgniter\BaseModel->save(Object(App\Entities\Member))
#9 D:\My Dream\My-Dream Project\OVS\vendor\codeigniter4\framework\system\CodeIgniter.php(936): App\Controllers\Members->addMembers()
#10 D:\My Dream\My-Dream Project\OVS\vendor\codeigniter4\framework\system\CodeIgniter.php(432): CodeIgniter\CodeIgniter->runController(Object(App\Controllers\Members))
#11 D:\My Dream\My-Dream Project\OVS\vendor\codeigniter4\framework\system\CodeIgniter.php(333): CodeIgniter\CodeIgniter->handleRequest(NULL, Object(Config\Cache), false)
#12 D:\My Dream\My-Dream Project\OVS\public\index.php(44): CodeIgniter\CodeIgniter->run()
#13 D:\My Dream\My-Dream Project\OVS\vendor\codeigniter4\framework\system\Commands\Server\rewrite.php(45): require_once('D:\\My Dream\\My-...')
#14 {main}
CRITICAL - 2021-05-06 05:05:08 --> Cannot add or update a child row: a foreign key constraint fails (`ovs`.`members`, CONSTRAINT `members_election_id_foreign` FOREIGN KEY (`election_id`) REFERENCES `elections` (`id`) ON DELETE CASCADE ON UPDATE NO ACTION)
#0 D:\My Dream\My-Dream Project\OVS\vendor\codeigniter4\framework\system\Database\MySQLi\Connection.php(314): mysqli->query('INSERT INTO `me...')
#1 D:\My Dream\My-Dream Project\OVS\vendor\codeigniter4\framework\system\Database\BaseConnection.php(713): CodeIgniter\Database\MySQLi\Connection->execute('INSERT INTO `me...')
#2 D:\My Dream\My-Dream Project\OVS\vendor\codeigniter4\framework\system\Database\BaseConnection.php(641): CodeIgniter\Database\BaseConnection->simpleQuery('INSERT INTO `me...')
#3 D:\My Dream\My-Dream Project\OVS\vendor\codeigniter4\framework\system\Database\BaseBuilder.php(2263): CodeIgniter\Database\BaseConnection->query('INSERT INTO `me...', Array, false)
#4 D:\My Dream\My-Dream Project\OVS\vendor\codeigniter4\framework\system\Model.php(278): CodeIgniter\Database\BaseBuilder->insert()
#5 D:\My Dream\My-Dream Project\OVS\vendor\codeigniter4\framework\system\BaseModel.php(758): CodeIgniter\Model->doInsert(Array)
#6 D:\My Dream\My-Dream Project\OVS\vendor\codeigniter4\framework\system\Model.php(705): CodeIgniter\BaseModel->insert(Array, false)
#7 D:\My Dream\My-Dream Project\OVS\vendor\codeigniter4\framework\system\BaseModel.php(667): CodeIgniter\Model->insert(Object(App\Entities\Member), false)
#8 D:\My Dream\My-Dream Project\OVS\app\Controllers\Members.php(59): CodeIgniter\BaseModel->save(Object(App\Entities\Member))
#9 D:\My Dream\My-Dream Project\OVS\vendor\codeigniter4\framework\system\CodeIgniter.php(936): App\Controllers\Members->addMembers()
#10 D:\My Dream\My-Dream Project\OVS\vendor\codeigniter4\framework\system\CodeIgniter.php(432): CodeIgniter\CodeIgniter->runController(Object(App\Controllers\Members))
#11 D:\My Dream\My-Dream Project\OVS\vendor\codeigniter4\framework\system\CodeIgniter.php(333): CodeIgniter\CodeIgniter->handleRequest(NULL, Object(Config\Cache), false)
#12 D:\My Dream\My-Dream Project\OVS\public\index.php(44): CodeIgniter\CodeIgniter->run()
#13 D:\My Dream\My-Dream Project\OVS\vendor\codeigniter4\framework\system\Commands\Server\rewrite.php(45): require_once('D:\\My Dream\\My-...')
#14 {main}
CRITICAL - 2021-05-06 05:14:07 --> Cannot use object of type App\Entities\Election as array
#0 D:\My Dream\My-Dream Project\OVS\vendor\codeigniter4\framework\system\View\View.php(220): include()
#1 D:\My Dream\My-Dream Project\OVS\vendor\codeigniter4\framework\system\View\View.php(222): CodeIgniter\View\View->CodeIgniter\View\{closure}()
#2 D:\My Dream\My-Dream Project\OVS\vendor\codeigniter4\framework\system\Common.php(1217): CodeIgniter\View\View->render('admin/member/me...', Array, true)
#3 D:\My Dream\My-Dream Project\OVS\app\Controllers\Members.php(77): view('admin/member/me...', Array)
#4 D:\My Dream\My-Dream Project\OVS\vendor\codeigniter4\framework\system\CodeIgniter.php(936): App\Controllers\Members->addMembersModal()
#5 D:\My Dream\My-Dream Project\OVS\vendor\codeigniter4\framework\system\CodeIgniter.php(432): CodeIgniter\CodeIgniter->runController(Object(App\Controllers\Members))
#6 D:\My Dream\My-Dream Project\OVS\vendor\codeigniter4\framework\system\CodeIgniter.php(333): CodeIgniter\CodeIgniter->handleRequest(NULL, Object(Config\Cache), false)
#7 D:\My Dream\My-Dream Project\OVS\public\index.php(44): CodeIgniter\CodeIgniter->run()
#8 D:\My Dream\My-Dream Project\OVS\vendor\codeigniter4\framework\system\Commands\Server\rewrite.php(45): require_once('D:\\My Dream\\My-...')
#9 {main}
CRITICAL - 2021-05-06 05:17:55 --> There is no data to update.
#0 D:\My Dream\My-Dream Project\OVS\vendor\codeigniter4\framework\system\BaseModel.php(880): CodeIgniter\Database\Exceptions\DataException::forEmptyDataset('update')
#1 D:\My Dream\My-Dream Project\OVS\vendor\codeigniter4\framework\system\Model.php(737): CodeIgniter\BaseModel->update(Array, Array)
#2 D:\My Dream\My-Dream Project\OVS\vendor\codeigniter4\framework\system\BaseModel.php(663): CodeIgniter\Model->update('2', Object(App\Entities\Category))
#3 D:\My Dream\My-Dream Project\OVS\app\Controllers\Members.php(59): CodeIgniter\BaseModel->save(Object(App\Entities\Category))
#4 D:\My Dream\My-Dream Project\OVS\vendor\codeigniter4\framework\system\CodeIgniter.php(936): App\Controllers\Members->addMembers()
#5 D:\My Dream\My-Dream Project\OVS\vendor\codeigniter4\framework\system\CodeIgniter.php(432): CodeIgniter\CodeIgniter->runController(Object(App\Controllers\Members))
#6 D:\My Dream\My-Dream Project\OVS\vendor\codeigniter4\framework\system\CodeIgniter.php(333): CodeIgniter\CodeIgniter->handleRequest(NULL, Object(Config\Cache), false)
#7 D:\My Dream\My-Dream Project\OVS\public\index.php(44): CodeIgniter\CodeIgniter->run()
#8 D:\My Dream\My-Dream Project\OVS\vendor\codeigniter4\framework\system\Commands\Server\rewrite.php(45): require_once('D:\\My Dream\\My-...')
#9 {main}
CRITICAL - 2021-05-06 05:25:00 --> Undefined property: CodeIgniter\Database\Exceptions\DataException::$errors
#0 D:\My Dream\My-Dream Project\OVS\app\Controllers\Members.php(66): CodeIgniter\Debug\Exceptions->errorHandler(8, 'Undefined prope...', 'D:\\My Dream\\My-...', 66, Array)
#1 D:\My Dream\My-Dream Project\OVS\vendor\codeigniter4\framework\system\CodeIgniter.php(936): App\Controllers\Members->addMembers()
#2 D:\My Dream\My-Dream Project\OVS\vendor\codeigniter4\framework\system\CodeIgniter.php(432): CodeIgniter\CodeIgniter->runController(Object(App\Controllers\Members))
#3 D:\My Dream\My-Dream Project\OVS\vendor\codeigniter4\framework\system\CodeIgniter.php(333): CodeIgniter\CodeIgniter->handleRequest(NULL, Object(Config\Cache), false)
#4 D:\My Dream\My-Dream Project\OVS\public\index.php(44): CodeIgniter\CodeIgniter->run()
#5 D:\My Dream\My-Dream Project\OVS\vendor\codeigniter4\framework\system\Commands\Server\rewrite.php(45): require_once('D:\\My Dream\\My-...')
#6 {main}
CRITICAL - 2021-05-06 05:25:30 --> Cannot access protected property CodeIgniter\Database\Exceptions\DataException::$message
#0 D:\My Dream\My-Dream Project\OVS\vendor\codeigniter4\framework\system\CodeIgniter.php(936): App\Controllers\Members->addMembers()
#1 D:\My Dream\My-Dream Project\OVS\vendor\codeigniter4\framework\system\CodeIgniter.php(432): CodeIgniter\CodeIgniter->runController(Object(App\Controllers\Members))
#2 D:\My Dream\My-Dream Project\OVS\vendor\codeigniter4\framework\system\CodeIgniter.php(333): CodeIgniter\CodeIgniter->handleRequest(NULL, Object(Config\Cache), false)
#3 D:\My Dream\My-Dream Project\OVS\public\index.php(44): CodeIgniter\CodeIgniter->run()
#4 D:\My Dream\My-Dream Project\OVS\vendor\codeigniter4\framework\system\Commands\Server\rewrite.php(45): require_once('D:\\My Dream\\My-...')
#5 {main}
ERROR - 2021-05-06 08:54:50 --> Error connecting to the database: No connection could be made because the target machine actively refused it.

CRITICAL - 2021-05-06 08:54:50 --> Unable to connect to the database.
#0 D:\My Dream\My-Dream Project\OVS\vendor\codeigniter4\framework\system\Database\BaseConnection.php(618): CodeIgniter\Database\BaseConnection->initialize()
#1 D:\My Dream\My-Dream Project\OVS\vendor\codeigniter4\framework\system\Database\BaseBuilder.php(1866): CodeIgniter\Database\BaseConnection->query('SELECT `users`....', Array, false)
#2 D:\My Dream\My-Dream Project\OVS\app\Models\IonAuthModel.php(1496): CodeIgniter\Database\BaseBuilder->get()
#3 D:\My Dream\My-Dream Project\OVS\app\Models\IonAuthModel.php(1520): App\Models\IonAuthModel->users()
#4 [internal function]: App\Models\IonAuthModel->user()
#5 D:\My Dream\My-Dream Project\OVS\app\Libraries\IonAuth.php(104): call_user_func_array(Array, Array)
#6 D:\My Dream\My-Dream Project\OVS\app\Controllers\BaseController.php(64): App\Libraries\IonAuth->__call('user', Array)
#7 D:\My Dream\My-Dream Project\OVS\vendor\codeigniter4\framework\system\CodeIgniter.php(909): App\Controllers\BaseController->initController(Object(CodeIgniter\HTTP\IncomingRequest), Object(CodeIgniter\HTTP\Response), Object(CodeIgniter\Log\Logger))
#8 D:\My Dream\My-Dream Project\OVS\vendor\codeigniter4\framework\system\CodeIgniter.php(422): CodeIgniter\CodeIgniter->createController()
#9 D:\My Dream\My-Dream Project\OVS\vendor\codeigniter4\framework\system\CodeIgniter.php(333): CodeIgniter\CodeIgniter->handleRequest(NULL, Object(Config\Cache), false)
#10 D:\My Dream\My-Dream Project\OVS\public\index.php(44): CodeIgniter\CodeIgniter->run()
#11 D:\My Dream\My-Dream Project\OVS\vendor\codeigniter4\framework\system\Commands\Server\rewrite.php(45): require_once('D:\\My Dream\\My-...')
#12 {main}
ERROR - 2021-05-06 09:00:15 --> Error connecting to the database: No connection could be made because the target machine actively refused it.

CRITICAL - 2021-05-06 09:00:15 --> Unable to connect to the database.
#0 D:\My Dream\My-Dream Project\OVS\vendor\codeigniter4\framework\system\Database\BaseConnection.php(618): CodeIgniter\Database\BaseConnection->initialize()
#1 D:\My Dream\My-Dream Project\OVS\vendor\codeigniter4\framework\system\Database\BaseBuilder.php(1866): CodeIgniter\Database\BaseConnection->query('SELECT `users`....', Array, false)
#2 D:\My Dream\My-Dream Project\OVS\app\Models\IonAuthModel.php(1496): CodeIgniter\Database\BaseBuilder->get()
#3 D:\My Dream\My-Dream Project\OVS\app\Models\IonAuthModel.php(1520): App\Models\IonAuthModel->users()
#4 [internal function]: App\Models\IonAuthModel->user()
#5 D:\My Dream\My-Dream Project\OVS\app\Libraries\IonAuth.php(104): call_user_func_array(Array, Array)
#6 D:\My Dream\My-Dream Project\OVS\app\Controllers\BaseController.php(64): App\Libraries\IonAuth->__call('user', Array)
#7 D:\My Dream\My-Dream Project\OVS\vendor\codeigniter4\framework\system\CodeIgniter.php(909): App\Controllers\BaseController->initController(Object(CodeIgniter\HTTP\IncomingRequest), Object(CodeIgniter\HTTP\Response), Object(CodeIgniter\Log\Logger))
#8 D:\My Dream\My-Dream Project\OVS\vendor\codeigniter4\framework\system\CodeIgniter.php(422): CodeIgniter\CodeIgniter->createController()
#9 D:\My Dream\My-Dream Project\OVS\vendor\codeigniter4\framework\system\CodeIgniter.php(333): CodeIgniter\CodeIgniter->handleRequest(NULL, Object(Config\Cache), false)
#10 D:\My Dream\My-Dream Project\OVS\public\index.php(44): CodeIgniter\CodeIgniter->run()
#11 D:\My Dream\My-Dream Project\OVS\vendor\codeigniter4\framework\system\Commands\Server\rewrite.php(45): require_once('D:\\My Dream\\My-...')
#12 {main}
